<?xml version="1.0" encoding="UTF-8"?>
<testng-results ignored="0" total="7" passed="1" failed="6" skipped="0">
  <reporter-output>
  </reporter-output>
  <suite started-at="2024-09-04T05:39:36Z" name="Surefire suite" finished-at="2024-09-04T05:40:06Z" duration-ms="30031">
    <groups>
      <group name="cucumber">
        <method signature="AbstractTestNGCucumberTests.runScenario(cucumber.api.testng.PickleEventWrapper, cucumber.api.testng.CucumberFeatureWrapper)[pri:0, instance:Testrunner.TestSuiterunner@4d339552]" name="runScenario" class="cucumber.api.testng.AbstractTestNGCucumberTests"/>
      </group> <!-- cucumber -->
    </groups>
    <test started-at="2024-09-04T05:39:36Z" name="Surefire test" finished-at="2024-09-04T05:40:06Z" duration-ms="30031">
      <class name="Testrunner.TestSuiterunner">
        <test-method is-config="true" signature="setUpClass()[pri:0, instance:Testrunner.TestSuiterunner@4d339552]" started-at="2024-09-04T05:39:36Z" name="setUpClass" finished-at="2024-09-04T05:39:36Z" duration-ms="278" status="PASS">
          <reporter-output>
          </reporter-output>
        </test-method> <!-- setUpClass -->
        <test-method signature="runScenario(cucumber.api.testng.PickleEventWrapper, cucumber.api.testng.CucumberFeatureWrapper)[pri:0, instance:Testrunner.TestSuiterunner@4d339552]" started-at="2024-09-04T05:39:36Z" name="runScenario" description="Runs Cucumber Scenarios" data-provider="scenarios" finished-at="2024-09-04T05:39:53Z" duration-ms="17483" status="PASS">
          <params>
            <param index="0">
              <value>
                <![CDATA["verify the Analytics Page"]]>
              </value>
            </param>
            <param index="1">
              <value>
                <![CDATA["Validating Analytics page"]]>
              </value>
            </param>
          </params>
          <reporter-output>
          </reporter-output>
        </test-method> <!-- runScenario -->
        <test-method signature="runScenario(cucumber.api.testng.PickleEventWrapper, cucumber.api.testng.CucumberFeatureWrapper)[pri:0, instance:Testrunner.TestSuiterunner@4d339552]" started-at="2024-09-04T05:39:53Z" name="runScenario" description="Runs Cucumber Scenarios" data-provider="scenarios" finished-at="2024-09-04T05:39:54Z" duration-ms="69" status="FAIL">
          <params>
            <param index="0">
              <value>
                <![CDATA["verify the Analyics Page"]]>
              </value>
            </param>
            <param index="1">
              <value>
                <![CDATA["Validating Analytics page"]]>
              </value>
            </param>
          </params>
          <exception class="cucumber.runtime.CucumberException">
            <message>
              <![CDATA[There are undefined steps]]>
            </message>
            <full-stacktrace>
              <![CDATA[cucumber.runtime.CucumberException: There are undefined steps
at cucumber.api.testng.TestCaseResultListener.getError(TestCaseResultListener.java:58)
at cucumber.api.testng.TestNGCucumberRunner.runScenario(TestNGCucumberRunner.java:61)
at cucumber.api.testng.AbstractTestNGCucumberTests.runScenario(AbstractTestNGCucumberTests.java:22)
at java.base/jdk.internal.reflect.NativeMethodAccessorImpl.invoke0(Native Method)
at java.base/jdk.internal.reflect.NativeMethodAccessorImpl.invoke(NativeMethodAccessorImpl.java:77)
at java.base/jdk.internal.reflect.DelegatingMethodAccessorImpl.invoke(DelegatingMethodAccessorImpl.java:43)
at java.base/java.lang.reflect.Method.invoke(Method.java:568)
at org.testng.internal.MethodInvocationHelper.invokeMethod(MethodInvocationHelper.java:124)
at org.testng.internal.Invoker.invokeMethod(Invoker.java:583)
at org.testng.internal.Invoker.invokeTestMethod(Invoker.java:719)
at org.testng.internal.Invoker.invokeTestMethods(Invoker.java:989)
at org.testng.internal.TestMethodWorker.invokeTestMethods(TestMethodWorker.java:125)
at org.testng.internal.TestMethodWorker.run(TestMethodWorker.java:109)
at org.testng.TestRunner.privateRun(TestRunner.java:648)
at org.testng.TestRunner.run(TestRunner.java:505)
at org.testng.SuiteRunner.runTest(SuiteRunner.java:455)
at org.testng.SuiteRunner.runSequentially(SuiteRunner.java:450)
at org.testng.SuiteRunner.privateRun(SuiteRunner.java:415)
at org.testng.SuiteRunner.run(SuiteRunner.java:364)
at org.testng.SuiteRunnerWorker.runSuite(SuiteRunnerWorker.java:52)
at org.testng.SuiteRunnerWorker.run(SuiteRunnerWorker.java:84)
at org.testng.TestNG.runSuitesSequentially(TestNG.java:1208)
at org.testng.TestNG.runSuitesLocally(TestNG.java:1137)
at org.testng.TestNG.runSuites(TestNG.java:1049)
at org.testng.TestNG.run(TestNG.java:1017)
at org.apache.maven.surefire.testng.TestNGExecutor.run(TestNGExecutor.java:135)
at org.apache.maven.surefire.testng.TestNGDirectoryTestSuite.executeSingleClass(TestNGDirectoryTestSuite.java:112)
at org.apache.maven.surefire.testng.TestNGDirectoryTestSuite.execute(TestNGDirectoryTestSuite.java:99)
at org.apache.maven.surefire.testng.TestNGProvider.invoke(TestNGProvider.java:146)
at org.apache.maven.surefire.booter.ForkedBooter.invokeProviderInSameClassLoader(ForkedBooter.java:384)
at org.apache.maven.surefire.booter.ForkedBooter.runSuitesInProcess(ForkedBooter.java:345)
at org.apache.maven.surefire.booter.ForkedBooter.execute(ForkedBooter.java:126)
at org.apache.maven.surefire.booter.ForkedBooter.main(ForkedBooter.java:418)
]]>
            </full-stacktrace>
          </exception> <!-- cucumber.runtime.CucumberException -->
          <reporter-output>
          </reporter-output>
        </test-method> <!-- runScenario -->
        <test-method signature="runScenario(cucumber.api.testng.PickleEventWrapper, cucumber.api.testng.CucumberFeatureWrapper)[pri:0, instance:Testrunner.TestSuiterunner@4d339552]" started-at="2024-09-04T05:39:54Z" name="runScenario" description="Runs Cucumber Scenarios" data-provider="scenarios" finished-at="2024-09-04T05:39:55Z" duration-ms="1532" status="FAIL">
          <params>
            <param index="0">
              <value>
                <![CDATA["verify the Vtiger Login Page"]]>
              </value>
            </param>
            <param index="1">
              <value>
                <![CDATA["Validating Inventory page"]]>
              </value>
            </param>
          </params>
          <exception class="org.openqa.selenium.SessionNotCreatedException">
            <message>
              <![CDATA[session not created: This version of ChromeDriver only supports Chrome version 119
Current browser version is 128.0.6613.114 with binary path C:\Program Files\Google\Chrome\Application\chrome.exe
Build info: version: '3.141.59', revision: 'e82be7d358', time: '2018-11-14T08:17:03'
System info: host: 'DESKTOP-MVHKLV0', ip: '192.168.0.101', os.name: 'Windows 11', os.arch: 'amd64', os.version: '10.0', java.version: '17.0.8'
Driver info: driver.version: ChromeDriver
remote stacktrace: GetHandleVerifier [0x011E72A3+45731]
(No symbol) [0x01172D51]
(No symbol) [0x0106880D]
(No symbol) [0x01091281]
(No symbol) [0x01090A9A]
(No symbol) [0x0108D3C2]
(No symbol) [0x0108A310]
(No symbol) [0x010BEB26]
(No symbol) [0x010BE6BC]
(No symbol) [0x010B7DD6]
(No symbol) [0x010931F6]
(No symbol) [0x0109439D]
GetHandleVerifier [0x014F0716+3229462]
GetHandleVerifier [0x015384C8+3523784]
GetHandleVerifier [0x0153214C+3498316]
GetHandleVerifier [0x01271680+611968]
(No symbol) [0x0117CCCC]
(No symbol) [0x01178DF8]
(No symbol) [0x01178F1D]
(No symbol) [0x0116B2C7]
BaseThreadInitThunk [0x766B7BA9+25]
RtlInitializeExceptionChain [0x7753C10B+107]
RtlClearBits [0x7753C08F+191]
]]>
            </message>
            <full-stacktrace>
              <![CDATA[org.openqa.selenium.SessionNotCreatedException: session not created: This version of ChromeDriver only supports Chrome version 119
Current browser version is 128.0.6613.114 with binary path C:\Program Files\Google\Chrome\Application\chrome.exe
Build info: version: '3.141.59', revision: 'e82be7d358', time: '2018-11-14T08:17:03'
System info: host: 'DESKTOP-MVHKLV0', ip: '192.168.0.101', os.name: 'Windows 11', os.arch: 'amd64', os.version: '10.0', java.version: '17.0.8'
Driver info: driver.version: ChromeDriver
remote stacktrace: GetHandleVerifier [0x011E72A3+45731]
(No symbol) [0x01172D51]
(No symbol) [0x0106880D]
(No symbol) [0x01091281]
(No symbol) [0x01090A9A]
(No symbol) [0x0108D3C2]
(No symbol) [0x0108A310]
(No symbol) [0x010BEB26]
(No symbol) [0x010BE6BC]
(No symbol) [0x010B7DD6]
(No symbol) [0x010931F6]
(No symbol) [0x0109439D]
GetHandleVerifier [0x014F0716+3229462]
GetHandleVerifier [0x015384C8+3523784]
GetHandleVerifier [0x0153214C+3498316]
GetHandleVerifier [0x01271680+611968]
(No symbol) [0x0117CCCC]
(No symbol) [0x01178DF8]
(No symbol) [0x01178F1D]
(No symbol) [0x0116B2C7]
BaseThreadInitThunk [0x766B7BA9+25]
RtlInitializeExceptionChain [0x7753C10B+107]
RtlClearBits [0x7753C08F+191]

at java.base/jdk.internal.reflect.NativeConstructorAccessorImpl.newInstance0(Native Method)
at java.base/jdk.internal.reflect.NativeConstructorAccessorImpl.newInstance(NativeConstructorAccessorImpl.java:77)
at java.base/jdk.internal.reflect.DelegatingConstructorAccessorImpl.newInstance(DelegatingConstructorAccessorImpl.java:45)
at java.base/java.lang.reflect.Constructor.newInstanceWithCaller(Constructor.java:499)
at java.base/java.lang.reflect.Constructor.newInstance(Constructor.java:480)
at org.openqa.selenium.remote.W3CHandshakeResponse.lambda$errorHandler$0(W3CHandshakeResponse.java:62)
at org.openqa.selenium.remote.HandshakeResponse.lambda$getResponseFunction$0(HandshakeResponse.java:30)
at org.openqa.selenium.remote.ProtocolHandshake.lambda$createSession$0(ProtocolHandshake.java:126)
at java.base/java.util.stream.ReferencePipeline$3$1.accept(ReferencePipeline.java:197)
at java.base/java.util.Spliterators$ArraySpliterator.tryAdvance(Spliterators.java:1002)
at java.base/java.util.stream.ReferencePipeline.forEachWithCancel(ReferencePipeline.java:129)
at java.base/java.util.stream.AbstractPipeline.copyIntoWithCancel(AbstractPipeline.java:527)
at java.base/java.util.stream.AbstractPipeline.copyInto(AbstractPipeline.java:513)
at java.base/java.util.stream.AbstractPipeline.wrapAndCopyInto(AbstractPipeline.java:499)
at java.base/java.util.stream.FindOps$FindOp.evaluateSequential(FindOps.java:150)
at java.base/java.util.stream.AbstractPipeline.evaluate(AbstractPipeline.java:234)
at java.base/java.util.stream.ReferencePipeline.findFirst(ReferencePipeline.java:647)
at org.openqa.selenium.remote.ProtocolHandshake.createSession(ProtocolHandshake.java:128)
at org.openqa.selenium.remote.ProtocolHandshake.createSession(ProtocolHandshake.java:74)
at org.openqa.selenium.remote.HttpCommandExecutor.execute(HttpCommandExecutor.java:136)
at org.openqa.selenium.remote.service.DriverCommandExecutor.execute(DriverCommandExecutor.java:83)
at org.openqa.selenium.remote.RemoteWebDriver.execute(RemoteWebDriver.java:552)
at org.openqa.selenium.remote.RemoteWebDriver.startSession(RemoteWebDriver.java:213)
at org.openqa.selenium.remote.RemoteWebDriver.<init>(RemoteWebDriver.java:131)
at org.openqa.selenium.chrome.ChromeDriver.<init>(ChromeDriver.java:181)
at org.openqa.selenium.chrome.ChromeDriver.<init>(ChromeDriver.java:168)
at org.openqa.selenium.chrome.ChromeDriver.<init>(ChromeDriver.java:123)
at stepdefinition.Inventory_TestScript.i_navigate_to_application_open_UrL(Inventory_TestScript.java:37)
at ✽.I navigate to application open UrL(file:src/test/resources/features/Inventory.feature:14)
]]>
            </full-stacktrace>
          </exception> <!-- org.openqa.selenium.SessionNotCreatedException -->
          <reporter-output>
          </reporter-output>
        </test-method> <!-- runScenario -->
        <test-method signature="runScenario(cucumber.api.testng.PickleEventWrapper, cucumber.api.testng.CucumberFeatureWrapper)[pri:0, instance:Testrunner.TestSuiterunner@4d339552]" started-at="2024-09-04T05:39:55Z" name="runScenario" description="Runs Cucumber Scenarios" data-provider="scenarios" finished-at="2024-09-04T05:40:02Z" duration-ms="6481" status="FAIL">
          <params>
            <param index="0">
              <value>
                <![CDATA["verify the Vtiger Login Page"]]>
              </value>
            </param>
            <param index="1">
              <value>
                <![CDATA["Validating Marketing page"]]>
              </value>
            </param>
          </params>
          <exception class="org.openqa.selenium.SessionNotCreatedException">
            <message>
              <![CDATA[session not created: This version of ChromeDriver only supports Chrome version 116
Current browser version is 128.0.6613.114 with binary path C:\Program Files\Google\Chrome\Application\chrome.exe
Build info: version: '3.141.59', revision: 'e82be7d358', time: '2018-11-14T08:17:03'
System info: host: 'DESKTOP-MVHKLV0', ip: '192.168.0.101', os.name: 'Windows 11', os.arch: 'amd64', os.version: '10.0', java.version: '17.0.8'
Driver info: driver.version: ChromeDriver
remote stacktrace: GetHandleVerifier [0x003837C3+48947]
(No symbol) [0x00318551]
(No symbol) [0x0021C92D]
(No symbol) [0x0023F180]
(No symbol) [0x0023B178]
(No symbol) [0x0023950E]
(No symbol) [0x0026B840]
(No symbol) [0x0026B3CC]
(No symbol) [0x00264E86]
(No symbol) [0x002416C7]
(No symbol) [0x0024284D]
GetHandleVerifier [0x005CFDF9+2458985]
GetHandleVerifier [0x0061744F+2751423]
GetHandleVerifier [0x00611361+2726609]
GetHandleVerifier [0x00400680+560624]
(No symbol) [0x0032238C]
(No symbol) [0x0031E268]
(No symbol) [0x0031E392]
(No symbol) [0x003110B7]
BaseThreadInitThunk [0x766B7BA9+25]
RtlInitializeExceptionChain [0x7753C10B+107]
RtlClearBits [0x7753C08F+191]
]]>
            </message>
            <full-stacktrace>
              <![CDATA[org.openqa.selenium.SessionNotCreatedException: session not created: This version of ChromeDriver only supports Chrome version 116
Current browser version is 128.0.6613.114 with binary path C:\Program Files\Google\Chrome\Application\chrome.exe
Build info: version: '3.141.59', revision: 'e82be7d358', time: '2018-11-14T08:17:03'
System info: host: 'DESKTOP-MVHKLV0', ip: '192.168.0.101', os.name: 'Windows 11', os.arch: 'amd64', os.version: '10.0', java.version: '17.0.8'
Driver info: driver.version: ChromeDriver
remote stacktrace: GetHandleVerifier [0x003837C3+48947]
(No symbol) [0x00318551]
(No symbol) [0x0021C92D]
(No symbol) [0x0023F180]
(No symbol) [0x0023B178]
(No symbol) [0x0023950E]
(No symbol) [0x0026B840]
(No symbol) [0x0026B3CC]
(No symbol) [0x00264E86]
(No symbol) [0x002416C7]
(No symbol) [0x0024284D]
GetHandleVerifier [0x005CFDF9+2458985]
GetHandleVerifier [0x0061744F+2751423]
GetHandleVerifier [0x00611361+2726609]
GetHandleVerifier [0x00400680+560624]
(No symbol) [0x0032238C]
(No symbol) [0x0031E268]
(No symbol) [0x0031E392]
(No symbol) [0x003110B7]
BaseThreadInitThunk [0x766B7BA9+25]
RtlInitializeExceptionChain [0x7753C10B+107]
RtlClearBits [0x7753C08F+191]

at java.base/jdk.internal.reflect.NativeConstructorAccessorImpl.newInstance0(Native Method)
at java.base/jdk.internal.reflect.NativeConstructorAccessorImpl.newInstance(NativeConstructorAccessorImpl.java:77)
at java.base/jdk.internal.reflect.DelegatingConstructorAccessorImpl.newInstance(DelegatingConstructorAccessorImpl.java:45)
at java.base/java.lang.reflect.Constructor.newInstanceWithCaller(Constructor.java:499)
at java.base/java.lang.reflect.Constructor.newInstance(Constructor.java:480)
at org.openqa.selenium.remote.W3CHandshakeResponse.lambda$errorHandler$0(W3CHandshakeResponse.java:62)
at org.openqa.selenium.remote.HandshakeResponse.lambda$getResponseFunction$0(HandshakeResponse.java:30)
at org.openqa.selenium.remote.ProtocolHandshake.lambda$createSession$0(ProtocolHandshake.java:126)
at java.base/java.util.stream.ReferencePipeline$3$1.accept(ReferencePipeline.java:197)
at java.base/java.util.Spliterators$ArraySpliterator.tryAdvance(Spliterators.java:1002)
at java.base/java.util.stream.ReferencePipeline.forEachWithCancel(ReferencePipeline.java:129)
at java.base/java.util.stream.AbstractPipeline.copyIntoWithCancel(AbstractPipeline.java:527)
at java.base/java.util.stream.AbstractPipeline.copyInto(AbstractPipeline.java:513)
at java.base/java.util.stream.AbstractPipeline.wrapAndCopyInto(AbstractPipeline.java:499)
at java.base/java.util.stream.FindOps$FindOp.evaluateSequential(FindOps.java:150)
at java.base/java.util.stream.AbstractPipeline.evaluate(AbstractPipeline.java:234)
at java.base/java.util.stream.ReferencePipeline.findFirst(ReferencePipeline.java:647)
at org.openqa.selenium.remote.ProtocolHandshake.createSession(ProtocolHandshake.java:128)
at org.openqa.selenium.remote.ProtocolHandshake.createSession(ProtocolHandshake.java:74)
at org.openqa.selenium.remote.HttpCommandExecutor.execute(HttpCommandExecutor.java:136)
at org.openqa.selenium.remote.service.DriverCommandExecutor.execute(DriverCommandExecutor.java:83)
at org.openqa.selenium.remote.RemoteWebDriver.execute(RemoteWebDriver.java:552)
at org.openqa.selenium.remote.RemoteWebDriver.startSession(RemoteWebDriver.java:213)
at org.openqa.selenium.remote.RemoteWebDriver.<init>(RemoteWebDriver.java:131)
at org.openqa.selenium.chrome.ChromeDriver.<init>(ChromeDriver.java:181)
at org.openqa.selenium.chrome.ChromeDriver.<init>(ChromeDriver.java:168)
at org.openqa.selenium.chrome.ChromeDriver.<init>(ChromeDriver.java:123)
at stepdefinition.Marketing_TestScript.i_navigate_to_application_open_URL(Marketing_TestScript.java:36)
at ✽.I navigate to application open URL(file:src/test/resources/features/Marketing.feature:14)
]]>
            </full-stacktrace>
          </exception> <!-- org.openqa.selenium.SessionNotCreatedException -->
          <reporter-output>
          </reporter-output>
        </test-method> <!-- runScenario -->
        <test-method signature="runScenario(cucumber.api.testng.PickleEventWrapper, cucumber.api.testng.CucumberFeatureWrapper)[pri:0, instance:Testrunner.TestSuiterunner@4d339552]" started-at="2024-09-04T05:40:02Z" name="runScenario" description="Runs Cucumber Scenarios" data-provider="scenarios" finished-at="2024-09-04T05:40:03Z" duration-ms="1531" status="FAIL">
          <params>
            <param index="0">
              <value>
                <![CDATA["verify the Vtiger Login Page"]]>
              </value>
            </param>
            <param index="1">
              <value>
                <![CDATA["Validating Sales page"]]>
              </value>
            </param>
          </params>
          <exception class="org.openqa.selenium.SessionNotCreatedException">
            <message>
              <![CDATA[session not created: This version of ChromeDriver only supports Chrome version 114
Current browser version is 128.0.6613.114 with binary path C:\Program Files\Google\Chrome\Application\chrome.exe
Build info: version: '3.141.59', revision: 'e82be7d358', time: '2018-11-14T08:17:03'
System info: host: 'DESKTOP-MVHKLV0', ip: '192.168.0.101', os.name: 'Windows 11', os.arch: 'amd64', os.version: '10.0', java.version: '17.0.8'
Driver info: driver.version: ChromeDriver
remote stacktrace: Backtrace:
GetHandleVerifier [0x00EBA813+48355]
(No symbol) [0x00E4C4B1]
(No symbol) [0x00D55358]
(No symbol) [0x00D761AC]
(No symbol) [0x00D71EF3]
(No symbol) [0x00D70579]
(No symbol) [0x00DA0C55]
(No symbol) [0x00DA093C]
(No symbol) [0x00D9A536]
(No symbol) [0x00D782DC]
(No symbol) [0x00D793DD]
GetHandleVerifier [0x0111AABD+2539405]
GetHandleVerifier [0x0115A78F+2800735]
GetHandleVerifier [0x0115456C+2775612]
GetHandleVerifier [0x00F451E0+616112]
(No symbol) [0x00E55F8C]
(No symbol) [0x00E52328]
(No symbol) [0x00E5240B]
(No symbol) [0x00E44FF7]
BaseThreadInitThunk [0x766B7BA9+25]
RtlInitializeExceptionChain [0x7753C10B+107]
RtlClearBits [0x7753C08F+191]
]]>
            </message>
            <full-stacktrace>
              <![CDATA[org.openqa.selenium.SessionNotCreatedException: session not created: This version of ChromeDriver only supports Chrome version 114
Current browser version is 128.0.6613.114 with binary path C:\Program Files\Google\Chrome\Application\chrome.exe
Build info: version: '3.141.59', revision: 'e82be7d358', time: '2018-11-14T08:17:03'
System info: host: 'DESKTOP-MVHKLV0', ip: '192.168.0.101', os.name: 'Windows 11', os.arch: 'amd64', os.version: '10.0', java.version: '17.0.8'
Driver info: driver.version: ChromeDriver
remote stacktrace: Backtrace:
GetHandleVerifier [0x00EBA813+48355]
(No symbol) [0x00E4C4B1]
(No symbol) [0x00D55358]
(No symbol) [0x00D761AC]
(No symbol) [0x00D71EF3]
(No symbol) [0x00D70579]
(No symbol) [0x00DA0C55]
(No symbol) [0x00DA093C]
(No symbol) [0x00D9A536]
(No symbol) [0x00D782DC]
(No symbol) [0x00D793DD]
GetHandleVerifier [0x0111AABD+2539405]
GetHandleVerifier [0x0115A78F+2800735]
GetHandleVerifier [0x0115456C+2775612]
GetHandleVerifier [0x00F451E0+616112]
(No symbol) [0x00E55F8C]
(No symbol) [0x00E52328]
(No symbol) [0x00E5240B]
(No symbol) [0x00E44FF7]
BaseThreadInitThunk [0x766B7BA9+25]
RtlInitializeExceptionChain [0x7753C10B+107]
RtlClearBits [0x7753C08F+191]

at java.base/jdk.internal.reflect.NativeConstructorAccessorImpl.newInstance0(Native Method)
at java.base/jdk.internal.reflect.NativeConstructorAccessorImpl.newInstance(NativeConstructorAccessorImpl.java:77)
at java.base/jdk.internal.reflect.DelegatingConstructorAccessorImpl.newInstance(DelegatingConstructorAccessorImpl.java:45)
at java.base/java.lang.reflect.Constructor.newInstanceWithCaller(Constructor.java:499)
at java.base/java.lang.reflect.Constructor.newInstance(Constructor.java:480)
at org.openqa.selenium.remote.W3CHandshakeResponse.lambda$errorHandler$0(W3CHandshakeResponse.java:62)
at org.openqa.selenium.remote.HandshakeResponse.lambda$getResponseFunction$0(HandshakeResponse.java:30)
at org.openqa.selenium.remote.ProtocolHandshake.lambda$createSession$0(ProtocolHandshake.java:126)
at java.base/java.util.stream.ReferencePipeline$3$1.accept(ReferencePipeline.java:197)
at java.base/java.util.Spliterators$ArraySpliterator.tryAdvance(Spliterators.java:1002)
at java.base/java.util.stream.ReferencePipeline.forEachWithCancel(ReferencePipeline.java:129)
at java.base/java.util.stream.AbstractPipeline.copyIntoWithCancel(AbstractPipeline.java:527)
at java.base/java.util.stream.AbstractPipeline.copyInto(AbstractPipeline.java:513)
at java.base/java.util.stream.AbstractPipeline.wrapAndCopyInto(AbstractPipeline.java:499)
at java.base/java.util.stream.FindOps$FindOp.evaluateSequential(FindOps.java:150)
at java.base/java.util.stream.AbstractPipeline.evaluate(AbstractPipeline.java:234)
at java.base/java.util.stream.ReferencePipeline.findFirst(ReferencePipeline.java:647)
at org.openqa.selenium.remote.ProtocolHandshake.createSession(ProtocolHandshake.java:128)
at org.openqa.selenium.remote.ProtocolHandshake.createSession(ProtocolHandshake.java:74)
at org.openqa.selenium.remote.HttpCommandExecutor.execute(HttpCommandExecutor.java:136)
at org.openqa.selenium.remote.service.DriverCommandExecutor.execute(DriverCommandExecutor.java:83)
at org.openqa.selenium.remote.RemoteWebDriver.execute(RemoteWebDriver.java:552)
at org.openqa.selenium.remote.RemoteWebDriver.startSession(RemoteWebDriver.java:213)
at org.openqa.selenium.remote.RemoteWebDriver.<init>(RemoteWebDriver.java:131)
at org.openqa.selenium.chrome.ChromeDriver.<init>(ChromeDriver.java:181)
at org.openqa.selenium.chrome.ChromeDriver.<init>(ChromeDriver.java:168)
at org.openqa.selenium.chrome.ChromeDriver.<init>(ChromeDriver.java:123)
at stepdefinition.Sales_TestScript.i_navigate_to_application_open_URl(Sales_TestScript.java:46)
at ✽.I navigate to application open URl(file:src/test/resources/features/Sales.feature:19)
]]>
            </full-stacktrace>
          </exception> <!-- org.openqa.selenium.SessionNotCreatedException -->
          <reporter-output>
          </reporter-output>
        </test-method> <!-- runScenario -->
        <test-method signature="runScenario(cucumber.api.testng.PickleEventWrapper, cucumber.api.testng.CucumberFeatureWrapper)[pri:0, instance:Testrunner.TestSuiterunner@4d339552]" started-at="2024-09-04T05:40:03Z" name="runScenario" description="Runs Cucumber Scenarios" data-provider="scenarios" finished-at="2024-09-04T05:40:05Z" duration-ms="1500" status="FAIL">
          <params>
            <param index="0">
              <value>
                <![CDATA["verify the Creating Documents Functionality"]]>
              </value>
            </param>
            <param index="1">
              <value>
                <![CDATA["Validating the Support Page"]]>
              </value>
            </param>
          </params>
          <exception class="org.openqa.selenium.SessionNotCreatedException">
            <message>
              <![CDATA[session not created: This version of ChromeDriver only supports Chrome version 121
Current browser version is 128.0.6613.114 with binary path C:\Program Files\Google\Chrome\Application\chrome.exe
Build info: version: '3.141.59', revision: 'e82be7d358', time: '2018-11-14T08:17:03'
System info: host: 'DESKTOP-MVHKLV0', ip: '192.168.0.101', os.name: 'Windows 11', os.arch: 'amd64', os.version: '10.0', java.version: '17.0.8'
Driver info: driver.version: ChromeDriver
remote stacktrace: GetHandleVerifier [0x00007FF687305E42+3538674]
(No symbol) [0x00007FF686F24C02]
(No symbol) [0x00007FF686DD5AEB]
(No symbol) [0x00007FF686E0C512]
(No symbol) [0x00007FF686E0B872]
(No symbol) [0x00007FF686E05106]
(No symbol) [0x00007FF686E021C8]
(No symbol) [0x00007FF686E494B9]
(No symbol) [0x00007FF686E3EE53]
(No symbol) [0x00007FF686E0F514]
(No symbol) [0x00007FF686E10631]
GetHandleVerifier [0x00007FF687336CAD+3738973]
GetHandleVerifier [0x00007FF68738C506+4089270]
GetHandleVerifier [0x00007FF687384823+4057299]
GetHandleVerifier [0x00007FF687055C49+720121]
(No symbol) [0x00007FF686F3126F]
(No symbol) [0x00007FF686F2C304]
(No symbol) [0x00007FF686F2C432]
(No symbol) [0x00007FF686F1BD04]
BaseThreadInitThunk [0x00007FFC047B257D+29]
RtlUserThreadStart [0x00007FFC05C0AF28+40]
]]>
            </message>
            <full-stacktrace>
              <![CDATA[org.openqa.selenium.SessionNotCreatedException: session not created: This version of ChromeDriver only supports Chrome version 121
Current browser version is 128.0.6613.114 with binary path C:\Program Files\Google\Chrome\Application\chrome.exe
Build info: version: '3.141.59', revision: 'e82be7d358', time: '2018-11-14T08:17:03'
System info: host: 'DESKTOP-MVHKLV0', ip: '192.168.0.101', os.name: 'Windows 11', os.arch: 'amd64', os.version: '10.0', java.version: '17.0.8'
Driver info: driver.version: ChromeDriver
remote stacktrace: GetHandleVerifier [0x00007FF687305E42+3538674]
(No symbol) [0x00007FF686F24C02]
(No symbol) [0x00007FF686DD5AEB]
(No symbol) [0x00007FF686E0C512]
(No symbol) [0x00007FF686E0B872]
(No symbol) [0x00007FF686E05106]
(No symbol) [0x00007FF686E021C8]
(No symbol) [0x00007FF686E494B9]
(No symbol) [0x00007FF686E3EE53]
(No symbol) [0x00007FF686E0F514]
(No symbol) [0x00007FF686E10631]
GetHandleVerifier [0x00007FF687336CAD+3738973]
GetHandleVerifier [0x00007FF68738C506+4089270]
GetHandleVerifier [0x00007FF687384823+4057299]
GetHandleVerifier [0x00007FF687055C49+720121]
(No symbol) [0x00007FF686F3126F]
(No symbol) [0x00007FF686F2C304]
(No symbol) [0x00007FF686F2C432]
(No symbol) [0x00007FF686F1BD04]
BaseThreadInitThunk [0x00007FFC047B257D+29]
RtlUserThreadStart [0x00007FFC05C0AF28+40]

at java.base/jdk.internal.reflect.NativeConstructorAccessorImpl.newInstance0(Native Method)
at java.base/jdk.internal.reflect.NativeConstructorAccessorImpl.newInstance(NativeConstructorAccessorImpl.java:77)
at java.base/jdk.internal.reflect.DelegatingConstructorAccessorImpl.newInstance(DelegatingConstructorAccessorImpl.java:45)
at java.base/java.lang.reflect.Constructor.newInstanceWithCaller(Constructor.java:499)
at java.base/java.lang.reflect.Constructor.newInstance(Constructor.java:480)
at org.openqa.selenium.remote.W3CHandshakeResponse.lambda$errorHandler$0(W3CHandshakeResponse.java:62)
at org.openqa.selenium.remote.HandshakeResponse.lambda$getResponseFunction$0(HandshakeResponse.java:30)
at org.openqa.selenium.remote.ProtocolHandshake.lambda$createSession$0(ProtocolHandshake.java:126)
at java.base/java.util.stream.ReferencePipeline$3$1.accept(ReferencePipeline.java:197)
at java.base/java.util.Spliterators$ArraySpliterator.tryAdvance(Spliterators.java:1002)
at java.base/java.util.stream.ReferencePipeline.forEachWithCancel(ReferencePipeline.java:129)
at java.base/java.util.stream.AbstractPipeline.copyIntoWithCancel(AbstractPipeline.java:527)
at java.base/java.util.stream.AbstractPipeline.copyInto(AbstractPipeline.java:513)
at java.base/java.util.stream.AbstractPipeline.wrapAndCopyInto(AbstractPipeline.java:499)
at java.base/java.util.stream.FindOps$FindOp.evaluateSequential(FindOps.java:150)
at java.base/java.util.stream.AbstractPipeline.evaluate(AbstractPipeline.java:234)
at java.base/java.util.stream.ReferencePipeline.findFirst(ReferencePipeline.java:647)
at org.openqa.selenium.remote.ProtocolHandshake.createSession(ProtocolHandshake.java:128)
at org.openqa.selenium.remote.ProtocolHandshake.createSession(ProtocolHandshake.java:74)
at org.openqa.selenium.remote.HttpCommandExecutor.execute(HttpCommandExecutor.java:136)
at org.openqa.selenium.remote.service.DriverCommandExecutor.execute(DriverCommandExecutor.java:83)
at org.openqa.selenium.remote.RemoteWebDriver.execute(RemoteWebDriver.java:552)
at org.openqa.selenium.remote.RemoteWebDriver.startSession(RemoteWebDriver.java:213)
at org.openqa.selenium.remote.RemoteWebDriver.<init>(RemoteWebDriver.java:131)
at org.openqa.selenium.chrome.ChromeDriver.<init>(ChromeDriver.java:181)
at org.openqa.selenium.chrome.ChromeDriver.<init>(ChromeDriver.java:168)
at org.openqa.selenium.chrome.ChromeDriver.<init>(ChromeDriver.java:123)
at stepdefinition.Suport_TestScript.i_navigate_To_Application_open_URl(Suport_TestScript.java:37)
at ✽.I navigate To Application open URl(file:src/test/resources/features/Support.feature:16)
]]>
            </full-stacktrace>
          </exception> <!-- org.openqa.selenium.SessionNotCreatedException -->
          <reporter-output>
          </reporter-output>
        </test-method> <!-- runScenario -->
        <test-method signature="runScenario(cucumber.api.testng.PickleEventWrapper, cucumber.api.testng.CucumberFeatureWrapper)[pri:0, instance:Testrunner.TestSuiterunner@4d339552]" started-at="2024-09-04T05:40:05Z" name="runScenario" description="Runs Cucumber Scenarios" data-provider="scenarios" finished-at="2024-09-04T05:40:05Z" duration-ms="919" status="FAIL">
          <params>
            <param index="0">
              <value>
                <![CDATA["verify the Vtiger Login Page"]]>
              </value>
            </param>
            <param index="1">
              <value>
                <![CDATA["Validating Tools page"]]>
              </value>
            </param>
          </params>
          <exception class="org.openqa.selenium.SessionNotCreatedException">
            <message>
              <![CDATA[session not created: This version of ChromeDriver only supports Chrome version 119
Current browser version is 128.0.6613.114 with binary path C:\Program Files\Google\Chrome\Application\chrome.exe
Build info: version: '3.141.59', revision: 'e82be7d358', time: '2018-11-14T08:17:03'
System info: host: 'DESKTOP-MVHKLV0', ip: '192.168.0.101', os.name: 'Windows 11', os.arch: 'amd64', os.version: '10.0', java.version: '17.0.8'
Driver info: driver.version: ChromeDriver
remote stacktrace: GetHandleVerifier [0x011E72A3+45731]
(No symbol) [0x01172D51]
(No symbol) [0x0106880D]
(No symbol) [0x01091281]
(No symbol) [0x01090A9A]
(No symbol) [0x0108D3C2]
(No symbol) [0x0108A310]
(No symbol) [0x010BEB26]
(No symbol) [0x010BE6BC]
(No symbol) [0x010B7DD6]
(No symbol) [0x010931F6]
(No symbol) [0x0109439D]
GetHandleVerifier [0x014F0716+3229462]
GetHandleVerifier [0x015384C8+3523784]
GetHandleVerifier [0x0153214C+3498316]
GetHandleVerifier [0x01271680+611968]
(No symbol) [0x0117CCCC]
(No symbol) [0x01178DF8]
(No symbol) [0x01178F1D]
(No symbol) [0x0116B2C7]
BaseThreadInitThunk [0x766B7BA9+25]
RtlInitializeExceptionChain [0x7753C10B+107]
RtlClearBits [0x7753C08F+191]
]]>
            </message>
            <full-stacktrace>
              <![CDATA[org.openqa.selenium.SessionNotCreatedException: session not created: This version of ChromeDriver only supports Chrome version 119
Current browser version is 128.0.6613.114 with binary path C:\Program Files\Google\Chrome\Application\chrome.exe
Build info: version: '3.141.59', revision: 'e82be7d358', time: '2018-11-14T08:17:03'
System info: host: 'DESKTOP-MVHKLV0', ip: '192.168.0.101', os.name: 'Windows 11', os.arch: 'amd64', os.version: '10.0', java.version: '17.0.8'
Driver info: driver.version: ChromeDriver
remote stacktrace: GetHandleVerifier [0x011E72A3+45731]
(No symbol) [0x01172D51]
(No symbol) [0x0106880D]
(No symbol) [0x01091281]
(No symbol) [0x01090A9A]
(No symbol) [0x0108D3C2]
(No symbol) [0x0108A310]
(No symbol) [0x010BEB26]
(No symbol) [0x010BE6BC]
(No symbol) [0x010B7DD6]
(No symbol) [0x010931F6]
(No symbol) [0x0109439D]
GetHandleVerifier [0x014F0716+3229462]
GetHandleVerifier [0x015384C8+3523784]
GetHandleVerifier [0x0153214C+3498316]
GetHandleVerifier [0x01271680+611968]
(No symbol) [0x0117CCCC]
(No symbol) [0x01178DF8]
(No symbol) [0x01178F1D]
(No symbol) [0x0116B2C7]
BaseThreadInitThunk [0x766B7BA9+25]
RtlInitializeExceptionChain [0x7753C10B+107]
RtlClearBits [0x7753C08F+191]

at java.base/jdk.internal.reflect.NativeConstructorAccessorImpl.newInstance0(Native Method)
at java.base/jdk.internal.reflect.NativeConstructorAccessorImpl.newInstance(NativeConstructorAccessorImpl.java:77)
at java.base/jdk.internal.reflect.DelegatingConstructorAccessorImpl.newInstance(DelegatingConstructorAccessorImpl.java:45)
at java.base/java.lang.reflect.Constructor.newInstanceWithCaller(Constructor.java:499)
at java.base/java.lang.reflect.Constructor.newInstance(Constructor.java:480)
at org.openqa.selenium.remote.W3CHandshakeResponse.lambda$errorHandler$0(W3CHandshakeResponse.java:62)
at org.openqa.selenium.remote.HandshakeResponse.lambda$getResponseFunction$0(HandshakeResponse.java:30)
at org.openqa.selenium.remote.ProtocolHandshake.lambda$createSession$0(ProtocolHandshake.java:126)
at java.base/java.util.stream.ReferencePipeline$3$1.accept(ReferencePipeline.java:197)
at java.base/java.util.Spliterators$ArraySpliterator.tryAdvance(Spliterators.java:1002)
at java.base/java.util.stream.ReferencePipeline.forEachWithCancel(ReferencePipeline.java:129)
at java.base/java.util.stream.AbstractPipeline.copyIntoWithCancel(AbstractPipeline.java:527)
at java.base/java.util.stream.AbstractPipeline.copyInto(AbstractPipeline.java:513)
at java.base/java.util.stream.AbstractPipeline.wrapAndCopyInto(AbstractPipeline.java:499)
at java.base/java.util.stream.FindOps$FindOp.evaluateSequential(FindOps.java:150)
at java.base/java.util.stream.AbstractPipeline.evaluate(AbstractPipeline.java:234)
at java.base/java.util.stream.ReferencePipeline.findFirst(ReferencePipeline.java:647)
at org.openqa.selenium.remote.ProtocolHandshake.createSession(ProtocolHandshake.java:128)
at org.openqa.selenium.remote.ProtocolHandshake.createSession(ProtocolHandshake.java:74)
at org.openqa.selenium.remote.HttpCommandExecutor.execute(HttpCommandExecutor.java:136)
at org.openqa.selenium.remote.service.DriverCommandExecutor.execute(DriverCommandExecutor.java:83)
at org.openqa.selenium.remote.RemoteWebDriver.execute(RemoteWebDriver.java:552)
at org.openqa.selenium.remote.RemoteWebDriver.startSession(RemoteWebDriver.java:213)
at org.openqa.selenium.remote.RemoteWebDriver.<init>(RemoteWebDriver.java:131)
at org.openqa.selenium.chrome.ChromeDriver.<init>(ChromeDriver.java:181)
at org.openqa.selenium.chrome.ChromeDriver.<init>(ChromeDriver.java:168)
at org.openqa.selenium.chrome.ChromeDriver.<init>(ChromeDriver.java:123)
at stepdefinition.Tools_TestScript.i_navigate_to_application_Open_URl(Tools_TestScript.java:39)
at ✽.I navigate to application Open URl(file:src/test/resources/features/Tools.feature:14)
]]>
            </full-stacktrace>
          </exception> <!-- org.openqa.selenium.SessionNotCreatedException -->
          <reporter-output>
          </reporter-output>
        </test-method> <!-- runScenario -->
        <test-method is-config="true" signature="tearDownClass()[pri:0, instance:Testrunner.TestSuiterunner@4d339552]" started-at="2024-09-04T05:40:06Z" name="tearDownClass" finished-at="2024-09-04T05:40:06Z" duration-ms="161" status="PASS">
          <reporter-output>
          </reporter-output>
        </test-method> <!-- tearDownClass -->
      </class> <!-- Testrunner.TestSuiterunner -->
    </test> <!-- Surefire test -->
  </suite> <!-- Surefire suite -->
</testng-results>
