<?xml version="1.0" encoding="UTF-8"?>
<testsuite xmlns:xsi="http://www.w3.org/2001/XMLSchema-instance" xsi:noNamespaceSchemaLocation="https://maven.apache.org/surefire/maven-surefire-plugin/xsd/surefire-test-report-3.0.xsd" version="3.0" name="Testrunner.TestSuiterunner" time="30.55" tests="7" errors="0" skipped="0" failures="6">
  <properties>
    <property name="java.specification.version" value="17"/>
    <property name="sun.cpu.isalist" value="amd64"/>
    <property name="sun.jnu.encoding" value="Cp1252"/>
    <property name="java.class.path" value="C:\Users\Avanish\OneDrive\Desktop\VCRM_Automation\CRMD365_Automation\target\test-classes;C:\Users\Avanish\OneDrive\Desktop\VCRM_Automation\CRMD365_Automation\target\classes;C:\Users\Avanish\.m2\repository\io\cucumber\cucumber-testng\4.3.1\cucumber-testng-4.3.1.jar;C:\Users\Avanish\.m2\repository\io\cucumber\cucumber-core\4.3.1\cucumber-core-4.3.1.jar;C:\Users\Avanish\.m2\repository\io\cucumber\cucumber-html\0.2.7\cucumber-html-0.2.7.jar;C:\Users\Avanish\.m2\repository\io\cucumber\gherkin\5.1.0\gherkin-5.1.0.jar;C:\Users\Avanish\.m2\repository\io\cucumber\tag-expressions\1.1.1\tag-expressions-1.1.1.jar;C:\Users\Avanish\.m2\repository\io\cucumber\cucumber-expressions\6.2.2\cucumber-expressions-6.2.2.jar;C:\Users\Avanish\.m2\repository\io\cucumber\datatable\1.1.12\datatable-1.1.12.jar;C:\Users\Avanish\.m2\repository\io\cucumber\datatable-dependencies\1.1.12\datatable-dependencies-1.1.12.jar;C:\Users\Avanish\.m2\repository\io\cucumber\cucumber-junit\4.3.1\cucumber-junit-4.3.1.jar;C:\Users\Avanish\.m2\repository\junit\junit\4.12\junit-4.12.jar;C:\Users\Avanish\.m2\repository\org\hamcrest\hamcrest-core\1.3\hamcrest-core-1.3.jar;C:\Users\Avanish\.m2\repository\io\cucumber\cucumber-picocontainer\4.2.6\cucumber-picocontainer-4.2.6.jar;C:\Users\Avanish\.m2\repository\io\cucumber\cucumber-java\4.2.6\cucumber-java-4.2.6.jar;C:\Users\Avanish\.m2\repository\org\picocontainer\picocontainer\2.15\picocontainer-2.15.jar;C:\Users\Avanish\.m2\repository\org\seleniumhq\selenium\selenium-java\3.141.59\selenium-java-3.141.59.jar;C:\Users\Avanish\.m2\repository\org\seleniumhq\selenium\selenium-api\3.141.59\selenium-api-3.141.59.jar;C:\Users\Avanish\.m2\repository\org\seleniumhq\selenium\selenium-edge-driver\3.141.59\selenium-edge-driver-3.141.59.jar;C:\Users\Avanish\.m2\repository\org\seleniumhq\selenium\selenium-firefox-driver\3.141.59\selenium-firefox-driver-3.141.59.jar;C:\Users\Avanish\.m2\repository\org\seleniumhq\selenium\selenium-ie-driver\3.141.59\selenium-ie-driver-3.141.59.jar;C:\Users\Avanish\.m2\repository\org\seleniumhq\selenium\selenium-opera-driver\3.141.59\selenium-opera-driver-3.141.59.jar;C:\Users\Avanish\.m2\repository\org\seleniumhq\selenium\selenium-remote-driver\3.141.59\selenium-remote-driver-3.141.59.jar;C:\Users\Avanish\.m2\repository\org\seleniumhq\selenium\selenium-safari-driver\3.141.59\selenium-safari-driver-3.141.59.jar;C:\Users\Avanish\.m2\repository\org\seleniumhq\selenium\selenium-support\3.141.59\selenium-support-3.141.59.jar;C:\Users\Avanish\.m2\repository\net\bytebuddy\byte-buddy\1.8.15\byte-buddy-1.8.15.jar;C:\Users\Avanish\.m2\repository\org\apache\commons\commons-exec\1.3\commons-exec-1.3.jar;C:\Users\Avanish\.m2\repository\com\squareup\okhttp3\okhttp\3.11.0\okhttp-3.11.0.jar;C:\Users\Avanish\.m2\repository\com\squareup\okio\okio\1.14.0\okio-1.14.0.jar;C:\Users\Avanish\.m2\repository\org\seleniumhq\selenium\selenium-chrome-driver\3.13.0\selenium-chrome-driver-3.13.0.jar;C:\Users\Avanish\.m2\repository\commons-codec\commons-codec\1.10\commons-codec-1.10.jar;C:\Users\Avanish\.m2\repository\commons-logging\commons-logging\1.2\commons-logging-1.2.jar;C:\Users\Avanish\.m2\repository\org\apache\httpcomponents\httpclient\4.5.5\httpclient-4.5.5.jar;C:\Users\Avanish\.m2\repository\org\apache\httpcomponents\httpcore\4.4.9\httpcore-4.4.9.jar;C:\Users\Avanish\.m2\repository\com\google\guava\guava\25.1-jre\guava-25.1-jre.jar;C:\Users\Avanish\.m2\repository\com\google\code\findbugs\jsr305\3.0.2\jsr305-3.0.2.jar;C:\Users\Avanish\.m2\repository\org\checkerframework\checker-qual\2.0.0\checker-qual-2.0.0.jar;C:\Users\Avanish\.m2\repository\com\google\errorprone\error_prone_annotations\2.1.3\error_prone_annotations-2.1.3.jar;C:\Users\Avanish\.m2\repository\com\google\j2objc\j2objc-annotations\1.1\j2objc-annotations-1.1.jar;C:\Users\Avanish\.m2\repository\org\codehaus\mojo\animal-sniffer-annotations\1.14\animal-sniffer-annotations-1.14.jar;C:\Users\Avanish\.m2\repository\org\testng\testng\6.14.3\testng-6.14.3.jar;C:\Users\Avanish\.m2\repository\com\beust\jcommander\1.72\jcommander-1.72.jar;C:\Users\Avanish\.m2\repository\org\apache-extras\beanshell\bsh\2.0b6\bsh-2.0b6.jar;C:\Users\Avanish\.m2\repository\com\sun\mail\javax.mail\1.6.2\javax.mail-1.6.2.jar;C:\Users\Avanish\.m2\repository\javax\activation\activation\1.1.1\activation-1.1.1.jar;C:\Users\Avanish\.m2\repository\org\springframework\spring-core\5.0.7.RELEASE\spring-core-5.0.7.RELEASE.jar;C:\Users\Avanish\.m2\repository\org\springframework\spring-jcl\5.0.7.RELEASE\spring-jcl-5.0.7.RELEASE.jar;C:\Users\Avanish\.m2\repository\org\springframework\spring-context\5.0.7.RELEASE\spring-context-5.0.7.RELEASE.jar;C:\Users\Avanish\.m2\repository\org\springframework\spring-aop\5.0.7.RELEASE\spring-aop-5.0.7.RELEASE.jar;C:\Users\Avanish\.m2\repository\org\springframework\spring-beans\5.0.7.RELEASE\spring-beans-5.0.7.RELEASE.jar;C:\Users\Avanish\.m2\repository\org\springframework\spring-expression\5.0.7.RELEASE\spring-expression-5.0.7.RELEASE.jar;C:\Users\Avanish\.m2\repository\org\seleniumhq\selenium\htmlunit-driver\2.27\htmlunit-driver-2.27.jar;C:\Users\Avanish\.m2\repository\net\sourceforge\htmlunit\htmlunit\2.27\htmlunit-2.27.jar;C:\Users\Avanish\.m2\repository\xalan\xalan\2.7.2\xalan-2.7.2.jar;C:\Users\Avanish\.m2\repository\xalan\serializer\2.7.2\serializer-2.7.2.jar;C:\Users\Avanish\.m2\repository\org\apache\httpcomponents\httpmime\4.5.3\httpmime-4.5.3.jar;C:\Users\Avanish\.m2\repository\net\sourceforge\htmlunit\htmlunit-core-js\2.27\htmlunit-core-js-2.27.jar;C:\Users\Avanish\.m2\repository\net\sourceforge\htmlunit\neko-htmlunit\2.27\neko-htmlunit-2.27.jar;C:\Users\Avanish\.m2\repository\xerces\xercesImpl\2.11.0\xercesImpl-2.11.0.jar;C:\Users\Avanish\.m2\repository\xml-apis\xml-apis\1.4.01\xml-apis-1.4.01.jar;C:\Users\Avanish\.m2\repository\net\sourceforge\cssparser\cssparser\0.9.23\cssparser-0.9.23.jar;C:\Users\Avanish\.m2\repository\org\w3c\css\sac\1.3\sac-1.3.jar;C:\Users\Avanish\.m2\repository\org\eclipse\jetty\websocket\websocket-client\9.4.5.v20170502\websocket-client-9.4.5.v20170502.jar;C:\Users\Avanish\.m2\repository\org\eclipse\jetty\jetty-util\9.4.5.v20170502\jetty-util-9.4.5.v20170502.jar;C:\Users\Avanish\.m2\repository\org\eclipse\jetty\jetty-io\9.4.5.v20170502\jetty-io-9.4.5.v20170502.jar;C:\Users\Avanish\.m2\repository\org\eclipse\jetty\jetty-client\9.4.5.v20170502\jetty-client-9.4.5.v20170502.jar;C:\Users\Avanish\.m2\repository\org\eclipse\jetty\jetty-http\9.4.5.v20170502\jetty-http-9.4.5.v20170502.jar;C:\Users\Avanish\.m2\repository\org\eclipse\jetty\websocket\websocket-common\9.4.5.v20170502\websocket-common-9.4.5.v20170502.jar;C:\Users\Avanish\.m2\repository\org\eclipse\jetty\websocket\websocket-api\9.4.5.v20170502\websocket-api-9.4.5.v20170502.jar;C:\Users\Avanish\.m2\repository\org\jasypt\jasypt\1.9.1\jasypt-1.9.1.jar;C:\Users\Avanish\.m2\repository\org\apache\commons\commons-lang3\3.5\commons-lang3-3.5.jar;C:\Users\Avanish\.m2\repository\mysql\mysql-connector-java\8.0.13\mysql-connector-java-8.0.13.jar;C:\Users\Avanish\.m2\repository\com\google\protobuf\protobuf-java\3.6.1\protobuf-java-3.6.1.jar;C:\Users\Avanish\.m2\repository\com\googlecode\json-simple\json-simple\1.1\json-simple-1.1.jar;C:\Users\Avanish\.m2\repository\commons-io\commons-io\2.4\commons-io-2.4.jar;C:\Users\Avanish\.m2\repository\log4j\log4j\1.2.17\log4j-1.2.17.jar;C:\Users\Avanish\.m2\repository\com\google\code\gson\gson\2.3.1\gson-2.3.1.jar;C:\Users\Avanish\.m2\repository\org\apache\maven\plugins\maven-compiler-plugin\3.8.1\maven-compiler-plugin-3.8.1.jar;C:\Users\Avanish\.m2\repository\org\apache\maven\maven-plugin-api\3.0\maven-plugin-api-3.0.jar;C:\Users\Avanish\.m2\repository\org\apache\maven\maven-model\3.0\maven-model-3.0.jar;C:\Users\Avanish\.m2\repository\org\sonatype\sisu\sisu-inject-plexus\1.4.2\sisu-inject-plexus-1.4.2.jar;C:\Users\Avanish\.m2\repository\org\sonatype\sisu\sisu-inject-bean\1.4.2\sisu-inject-bean-1.4.2.jar;C:\Users\Avanish\.m2\repository\org\sonatype\sisu\sisu-guice\2.1.7\sisu-guice-2.1.7-noaop.jar;C:\Users\Avanish\.m2\repository\org\apache\maven\maven-artifact\3.0\maven-artifact-3.0.jar;C:\Users\Avanish\.m2\repository\org\apache\maven\maven-core\3.0\maven-core-3.0.jar;C:\Users\Avanish\.m2\repository\org\apache\maven\maven-settings\3.0\maven-settings-3.0.jar;C:\Users\Avanish\.m2\repository\org\apache\maven\maven-settings-builder\3.0\maven-settings-builder-3.0.jar;C:\Users\Avanish\.m2\repository\org\apache\maven\maven-repository-metadata\3.0\maven-repository-metadata-3.0.jar;C:\Users\Avanish\.m2\repository\org\apache\maven\maven-model-builder\3.0\maven-model-builder-3.0.jar;C:\Users\Avanish\.m2\repository\org\apache\maven\maven-aether-provider\3.0\maven-aether-provider-3.0.jar;C:\Users\Avanish\.m2\repository\org\sonatype\aether\aether-impl\1.7\aether-impl-1.7.jar;C:\Users\Avanish\.m2\repository\org\sonatype\aether\aether-spi\1.7\aether-spi-1.7.jar;C:\Users\Avanish\.m2\repository\org\sonatype\aether\aether-api\1.7\aether-api-1.7.jar;C:\Users\Avanish\.m2\repository\org\sonatype\aether\aether-util\1.7\aether-util-1.7.jar;C:\Users\Avanish\.m2\repository\org\codehaus\plexus\plexus-interpolation\1.14\plexus-interpolation-1.14.jar;C:\Users\Avanish\.m2\repository\org\codehaus\plexus\plexus-classworlds\2.2.3\plexus-classworlds-2.2.3.jar;C:\Users\Avanish\.m2\repository\org\codehaus\plexus\plexus-component-annotations\1.5.5\plexus-component-annotations-1.5.5.jar;C:\Users\Avanish\.m2\repository\org\sonatype\plexus\plexus-sec-dispatcher\1.3\plexus-sec-dispatcher-1.3.jar;C:\Users\Avanish\.m2\repository\org\sonatype\plexus\plexus-cipher\1.4\plexus-cipher-1.4.jar;C:\Users\Avanish\.m2\repository\org\apache\maven\shared\maven-shared-utils\3.2.1\maven-shared-utils-3.2.1.jar;C:\Users\Avanish\.m2\repository\org\apache\maven\shared\maven-shared-incremental\1.1\maven-shared-incremental-1.1.jar;C:\Users\Avanish\.m2\repository\org\codehaus\plexus\plexus-java\0.9.10\plexus-java-0.9.10.jar;C:\Users\Avanish\.m2\repository\org\ow2\asm\asm\6.2\asm-6.2.jar;C:\Users\Avanish\.m2\repository\com\thoughtworks\qdox\qdox\2.0-M8\qdox-2.0-M8.jar;C:\Users\Avanish\.m2\repository\org\codehaus\plexus\plexus-compiler-api\2.8.4\plexus-compiler-api-2.8.4.jar;C:\Users\Avanish\.m2\repository\org\codehaus\plexus\plexus-compiler-manager\2.8.4\plexus-compiler-manager-2.8.4.jar;C:\Users\Avanish\.m2\repository\org\codehaus\plexus\plexus-compiler-javac\2.8.4\plexus-compiler-javac-2.8.4.jar;C:\Users\Avanish\.m2\repository\com\trivago\rta\cluecumber-report-plugin\2.1.0\cluecumber-report-plugin-2.1.0.jar;C:\Users\Avanish\.m2\repository\io\gsonfire\gson-fire\1.9.0-alpha1\gson-fire-1.9.0-alpha1.jar;C:\Users\Avanish\.m2\repository\org\freemarker\freemarker\2.3.28\freemarker-2.3.28.jar;C:\Users\Avanish\.m2\repository\org\codehaus\plexus\plexus-utils\3.2.0\plexus-utils-3.2.0.jar;C:\Users\Avanish\.m2\repository\io\qameta\allure\allure-cucumber4-jvm\2.12.1\allure-cucumber4-jvm-2.12.1.jar;C:\Users\Avanish\.m2\repository\io\qameta\allure\allure-java-commons\2.12.1\allure-java-commons-2.12.1.jar;C:\Users\Avanish\.m2\repository\io\qameta\allure\allure-model\2.12.1\allure-model-2.12.1.jar;C:\Users\Avanish\.m2\repository\org\slf4j\slf4j-api\1.7.25\slf4j-api-1.7.25.jar;C:\Users\Avanish\.m2\repository\com\fasterxml\jackson\core\jackson-databind\2.9.8\jackson-databind-2.9.8.jar;C:\Users\Avanish\.m2\repository\com\fasterxml\jackson\core\jackson-annotations\2.9.0\jackson-annotations-2.9.0.jar;C:\Users\Avanish\.m2\repository\com\fasterxml\jackson\core\jackson-core\2.9.8\jackson-core-2.9.8.jar;C:\Users\Avanish\.m2\repository\org\apache\tika\tika-core\1.20\tika-core-1.20.jar;C:\Users\Avanish\.m2\repository\org\jooq\joor-java-8\0.9.10\joor-java-8-0.9.10.jar;"/>
    <property name="java.vm.vendor" value="Oracle Corporation"/>
    <property name="sun.arch.data.model" value="64"/>
    <property name="user.variant" value=""/>
    <property name="java.vendor.url" value="https://java.oracle.com/"/>
    <property name="user.timezone" value="Asia/Calcutta"/>
    <property name="os.name" value="Windows 11"/>
    <property name="java.vm.specification.version" value="17"/>
    <property name="sun.java.launcher" value="SUN_STANDARD"/>
    <property name="user.country" value="IN"/>
    <property name="sun.boot.library.path" value="C:\Program Files\Java\jdk-17\bin"/>
    <property name="sun.java.command" value="C:\Users\Avanish\AppData\Local\Temp\surefire8070887093594703352\surefirebooter12724332824596364023.jar C:\Users\Avanish\AppData\Local\Temp\surefire8070887093594703352 2024-09-04T11-09-35_291-jvmRun1 surefire16156423967592080325tmp surefire_06043124166366050260tmp"/>
    <property name="jdk.debug" value="release"/>
    <property name="surefire.test.class.path" value="C:\Users\Avanish\OneDrive\Desktop\VCRM_Automation\CRMD365_Automation\target\test-classes;C:\Users\Avanish\OneDrive\Desktop\VCRM_Automation\CRMD365_Automation\target\classes;C:\Users\Avanish\.m2\repository\io\cucumber\cucumber-testng\4.3.1\cucumber-testng-4.3.1.jar;C:\Users\Avanish\.m2\repository\io\cucumber\cucumber-core\4.3.1\cucumber-core-4.3.1.jar;C:\Users\Avanish\.m2\repository\io\cucumber\cucumber-html\0.2.7\cucumber-html-0.2.7.jar;C:\Users\Avanish\.m2\repository\io\cucumber\gherkin\5.1.0\gherkin-5.1.0.jar;C:\Users\Avanish\.m2\repository\io\cucumber\tag-expressions\1.1.1\tag-expressions-1.1.1.jar;C:\Users\Avanish\.m2\repository\io\cucumber\cucumber-expressions\6.2.2\cucumber-expressions-6.2.2.jar;C:\Users\Avanish\.m2\repository\io\cucumber\datatable\1.1.12\datatable-1.1.12.jar;C:\Users\Avanish\.m2\repository\io\cucumber\datatable-dependencies\1.1.12\datatable-dependencies-1.1.12.jar;C:\Users\Avanish\.m2\repository\io\cucumber\cucumber-junit\4.3.1\cucumber-junit-4.3.1.jar;C:\Users\Avanish\.m2\repository\junit\junit\4.12\junit-4.12.jar;C:\Users\Avanish\.m2\repository\org\hamcrest\hamcrest-core\1.3\hamcrest-core-1.3.jar;C:\Users\Avanish\.m2\repository\io\cucumber\cucumber-picocontainer\4.2.6\cucumber-picocontainer-4.2.6.jar;C:\Users\Avanish\.m2\repository\io\cucumber\cucumber-java\4.2.6\cucumber-java-4.2.6.jar;C:\Users\Avanish\.m2\repository\org\picocontainer\picocontainer\2.15\picocontainer-2.15.jar;C:\Users\Avanish\.m2\repository\org\seleniumhq\selenium\selenium-java\3.141.59\selenium-java-3.141.59.jar;C:\Users\Avanish\.m2\repository\org\seleniumhq\selenium\selenium-api\3.141.59\selenium-api-3.141.59.jar;C:\Users\Avanish\.m2\repository\org\seleniumhq\selenium\selenium-edge-driver\3.141.59\selenium-edge-driver-3.141.59.jar;C:\Users\Avanish\.m2\repository\org\seleniumhq\selenium\selenium-firefox-driver\3.141.59\selenium-firefox-driver-3.141.59.jar;C:\Users\Avanish\.m2\repository\org\seleniumhq\selenium\selenium-ie-driver\3.141.59\selenium-ie-driver-3.141.59.jar;C:\Users\Avanish\.m2\repository\org\seleniumhq\selenium\selenium-opera-driver\3.141.59\selenium-opera-driver-3.141.59.jar;C:\Users\Avanish\.m2\repository\org\seleniumhq\selenium\selenium-remote-driver\3.141.59\selenium-remote-driver-3.141.59.jar;C:\Users\Avanish\.m2\repository\org\seleniumhq\selenium\selenium-safari-driver\3.141.59\selenium-safari-driver-3.141.59.jar;C:\Users\Avanish\.m2\repository\org\seleniumhq\selenium\selenium-support\3.141.59\selenium-support-3.141.59.jar;C:\Users\Avanish\.m2\repository\net\bytebuddy\byte-buddy\1.8.15\byte-buddy-1.8.15.jar;C:\Users\Avanish\.m2\repository\org\apache\commons\commons-exec\1.3\commons-exec-1.3.jar;C:\Users\Avanish\.m2\repository\com\squareup\okhttp3\okhttp\3.11.0\okhttp-3.11.0.jar;C:\Users\Avanish\.m2\repository\com\squareup\okio\okio\1.14.0\okio-1.14.0.jar;C:\Users\Avanish\.m2\repository\org\seleniumhq\selenium\selenium-chrome-driver\3.13.0\selenium-chrome-driver-3.13.0.jar;C:\Users\Avanish\.m2\repository\commons-codec\commons-codec\1.10\commons-codec-1.10.jar;C:\Users\Avanish\.m2\repository\commons-logging\commons-logging\1.2\commons-logging-1.2.jar;C:\Users\Avanish\.m2\repository\org\apache\httpcomponents\httpclient\4.5.5\httpclient-4.5.5.jar;C:\Users\Avanish\.m2\repository\org\apache\httpcomponents\httpcore\4.4.9\httpcore-4.4.9.jar;C:\Users\Avanish\.m2\repository\com\google\guava\guava\25.1-jre\guava-25.1-jre.jar;C:\Users\Avanish\.m2\repository\com\google\code\findbugs\jsr305\3.0.2\jsr305-3.0.2.jar;C:\Users\Avanish\.m2\repository\org\checkerframework\checker-qual\2.0.0\checker-qual-2.0.0.jar;C:\Users\Avanish\.m2\repository\com\google\errorprone\error_prone_annotations\2.1.3\error_prone_annotations-2.1.3.jar;C:\Users\Avanish\.m2\repository\com\google\j2objc\j2objc-annotations\1.1\j2objc-annotations-1.1.jar;C:\Users\Avanish\.m2\repository\org\codehaus\mojo\animal-sniffer-annotations\1.14\animal-sniffer-annotations-1.14.jar;C:\Users\Avanish\.m2\repository\org\testng\testng\6.14.3\testng-6.14.3.jar;C:\Users\Avanish\.m2\repository\com\beust\jcommander\1.72\jcommander-1.72.jar;C:\Users\Avanish\.m2\repository\org\apache-extras\beanshell\bsh\2.0b6\bsh-2.0b6.jar;C:\Users\Avanish\.m2\repository\com\sun\mail\javax.mail\1.6.2\javax.mail-1.6.2.jar;C:\Users\Avanish\.m2\repository\javax\activation\activation\1.1.1\activation-1.1.1.jar;C:\Users\Avanish\.m2\repository\org\springframework\spring-core\5.0.7.RELEASE\spring-core-5.0.7.RELEASE.jar;C:\Users\Avanish\.m2\repository\org\springframework\spring-jcl\5.0.7.RELEASE\spring-jcl-5.0.7.RELEASE.jar;C:\Users\Avanish\.m2\repository\org\springframework\spring-context\5.0.7.RELEASE\spring-context-5.0.7.RELEASE.jar;C:\Users\Avanish\.m2\repository\org\springframework\spring-aop\5.0.7.RELEASE\spring-aop-5.0.7.RELEASE.jar;C:\Users\Avanish\.m2\repository\org\springframework\spring-beans\5.0.7.RELEASE\spring-beans-5.0.7.RELEASE.jar;C:\Users\Avanish\.m2\repository\org\springframework\spring-expression\5.0.7.RELEASE\spring-expression-5.0.7.RELEASE.jar;C:\Users\Avanish\.m2\repository\org\seleniumhq\selenium\htmlunit-driver\2.27\htmlunit-driver-2.27.jar;C:\Users\Avanish\.m2\repository\net\sourceforge\htmlunit\htmlunit\2.27\htmlunit-2.27.jar;C:\Users\Avanish\.m2\repository\xalan\xalan\2.7.2\xalan-2.7.2.jar;C:\Users\Avanish\.m2\repository\xalan\serializer\2.7.2\serializer-2.7.2.jar;C:\Users\Avanish\.m2\repository\org\apache\httpcomponents\httpmime\4.5.3\httpmime-4.5.3.jar;C:\Users\Avanish\.m2\repository\net\sourceforge\htmlunit\htmlunit-core-js\2.27\htmlunit-core-js-2.27.jar;C:\Users\Avanish\.m2\repository\net\sourceforge\htmlunit\neko-htmlunit\2.27\neko-htmlunit-2.27.jar;C:\Users\Avanish\.m2\repository\xerces\xercesImpl\2.11.0\xercesImpl-2.11.0.jar;C:\Users\Avanish\.m2\repository\xml-apis\xml-apis\1.4.01\xml-apis-1.4.01.jar;C:\Users\Avanish\.m2\repository\net\sourceforge\cssparser\cssparser\0.9.23\cssparser-0.9.23.jar;C:\Users\Avanish\.m2\repository\org\w3c\css\sac\1.3\sac-1.3.jar;C:\Users\Avanish\.m2\repository\org\eclipse\jetty\websocket\websocket-client\9.4.5.v20170502\websocket-client-9.4.5.v20170502.jar;C:\Users\Avanish\.m2\repository\org\eclipse\jetty\jetty-util\9.4.5.v20170502\jetty-util-9.4.5.v20170502.jar;C:\Users\Avanish\.m2\repository\org\eclipse\jetty\jetty-io\9.4.5.v20170502\jetty-io-9.4.5.v20170502.jar;C:\Users\Avanish\.m2\repository\org\eclipse\jetty\jetty-client\9.4.5.v20170502\jetty-client-9.4.5.v20170502.jar;C:\Users\Avanish\.m2\repository\org\eclipse\jetty\jetty-http\9.4.5.v20170502\jetty-http-9.4.5.v20170502.jar;C:\Users\Avanish\.m2\repository\org\eclipse\jetty\websocket\websocket-common\9.4.5.v20170502\websocket-common-9.4.5.v20170502.jar;C:\Users\Avanish\.m2\repository\org\eclipse\jetty\websocket\websocket-api\9.4.5.v20170502\websocket-api-9.4.5.v20170502.jar;C:\Users\Avanish\.m2\repository\org\jasypt\jasypt\1.9.1\jasypt-1.9.1.jar;C:\Users\Avanish\.m2\repository\org\apache\commons\commons-lang3\3.5\commons-lang3-3.5.jar;C:\Users\Avanish\.m2\repository\mysql\mysql-connector-java\8.0.13\mysql-connector-java-8.0.13.jar;C:\Users\Avanish\.m2\repository\com\google\protobuf\protobuf-java\3.6.1\protobuf-java-3.6.1.jar;C:\Users\Avanish\.m2\repository\com\googlecode\json-simple\json-simple\1.1\json-simple-1.1.jar;C:\Users\Avanish\.m2\repository\commons-io\commons-io\2.4\commons-io-2.4.jar;C:\Users\Avanish\.m2\repository\log4j\log4j\1.2.17\log4j-1.2.17.jar;C:\Users\Avanish\.m2\repository\com\google\code\gson\gson\2.3.1\gson-2.3.1.jar;C:\Users\Avanish\.m2\repository\org\apache\maven\plugins\maven-compiler-plugin\3.8.1\maven-compiler-plugin-3.8.1.jar;C:\Users\Avanish\.m2\repository\org\apache\maven\maven-plugin-api\3.0\maven-plugin-api-3.0.jar;C:\Users\Avanish\.m2\repository\org\apache\maven\maven-model\3.0\maven-model-3.0.jar;C:\Users\Avanish\.m2\repository\org\sonatype\sisu\sisu-inject-plexus\1.4.2\sisu-inject-plexus-1.4.2.jar;C:\Users\Avanish\.m2\repository\org\sonatype\sisu\sisu-inject-bean\1.4.2\sisu-inject-bean-1.4.2.jar;C:\Users\Avanish\.m2\repository\org\sonatype\sisu\sisu-guice\2.1.7\sisu-guice-2.1.7-noaop.jar;C:\Users\Avanish\.m2\repository\org\apache\maven\maven-artifact\3.0\maven-artifact-3.0.jar;C:\Users\Avanish\.m2\repository\org\apache\maven\maven-core\3.0\maven-core-3.0.jar;C:\Users\Avanish\.m2\repository\org\apache\maven\maven-settings\3.0\maven-settings-3.0.jar;C:\Users\Avanish\.m2\repository\org\apache\maven\maven-settings-builder\3.0\maven-settings-builder-3.0.jar;C:\Users\Avanish\.m2\repository\org\apache\maven\maven-repository-metadata\3.0\maven-repository-metadata-3.0.jar;C:\Users\Avanish\.m2\repository\org\apache\maven\maven-model-builder\3.0\maven-model-builder-3.0.jar;C:\Users\Avanish\.m2\repository\org\apache\maven\maven-aether-provider\3.0\maven-aether-provider-3.0.jar;C:\Users\Avanish\.m2\repository\org\sonatype\aether\aether-impl\1.7\aether-impl-1.7.jar;C:\Users\Avanish\.m2\repository\org\sonatype\aether\aether-spi\1.7\aether-spi-1.7.jar;C:\Users\Avanish\.m2\repository\org\sonatype\aether\aether-api\1.7\aether-api-1.7.jar;C:\Users\Avanish\.m2\repository\org\sonatype\aether\aether-util\1.7\aether-util-1.7.jar;C:\Users\Avanish\.m2\repository\org\codehaus\plexus\plexus-interpolation\1.14\plexus-interpolation-1.14.jar;C:\Users\Avanish\.m2\repository\org\codehaus\plexus\plexus-classworlds\2.2.3\plexus-classworlds-2.2.3.jar;C:\Users\Avanish\.m2\repository\org\codehaus\plexus\plexus-component-annotations\1.5.5\plexus-component-annotations-1.5.5.jar;C:\Users\Avanish\.m2\repository\org\sonatype\plexus\plexus-sec-dispatcher\1.3\plexus-sec-dispatcher-1.3.jar;C:\Users\Avanish\.m2\repository\org\sonatype\plexus\plexus-cipher\1.4\plexus-cipher-1.4.jar;C:\Users\Avanish\.m2\repository\org\apache\maven\shared\maven-shared-utils\3.2.1\maven-shared-utils-3.2.1.jar;C:\Users\Avanish\.m2\repository\org\apache\maven\shared\maven-shared-incremental\1.1\maven-shared-incremental-1.1.jar;C:\Users\Avanish\.m2\repository\org\codehaus\plexus\plexus-java\0.9.10\plexus-java-0.9.10.jar;C:\Users\Avanish\.m2\repository\org\ow2\asm\asm\6.2\asm-6.2.jar;C:\Users\Avanish\.m2\repository\com\thoughtworks\qdox\qdox\2.0-M8\qdox-2.0-M8.jar;C:\Users\Avanish\.m2\repository\org\codehaus\plexus\plexus-compiler-api\2.8.4\plexus-compiler-api-2.8.4.jar;C:\Users\Avanish\.m2\repository\org\codehaus\plexus\plexus-compiler-manager\2.8.4\plexus-compiler-manager-2.8.4.jar;C:\Users\Avanish\.m2\repository\org\codehaus\plexus\plexus-compiler-javac\2.8.4\plexus-compiler-javac-2.8.4.jar;C:\Users\Avanish\.m2\repository\com\trivago\rta\cluecumber-report-plugin\2.1.0\cluecumber-report-plugin-2.1.0.jar;C:\Users\Avanish\.m2\repository\io\gsonfire\gson-fire\1.9.0-alpha1\gson-fire-1.9.0-alpha1.jar;C:\Users\Avanish\.m2\repository\org\freemarker\freemarker\2.3.28\freemarker-2.3.28.jar;C:\Users\Avanish\.m2\repository\org\codehaus\plexus\plexus-utils\3.2.0\plexus-utils-3.2.0.jar;C:\Users\Avanish\.m2\repository\io\qameta\allure\allure-cucumber4-jvm\2.12.1\allure-cucumber4-jvm-2.12.1.jar;C:\Users\Avanish\.m2\repository\io\qameta\allure\allure-java-commons\2.12.1\allure-java-commons-2.12.1.jar;C:\Users\Avanish\.m2\repository\io\qameta\allure\allure-model\2.12.1\allure-model-2.12.1.jar;C:\Users\Avanish\.m2\repository\org\slf4j\slf4j-api\1.7.25\slf4j-api-1.7.25.jar;C:\Users\Avanish\.m2\repository\com\fasterxml\jackson\core\jackson-databind\2.9.8\jackson-databind-2.9.8.jar;C:\Users\Avanish\.m2\repository\com\fasterxml\jackson\core\jackson-annotations\2.9.0\jackson-annotations-2.9.0.jar;C:\Users\Avanish\.m2\repository\com\fasterxml\jackson\core\jackson-core\2.9.8\jackson-core-2.9.8.jar;C:\Users\Avanish\.m2\repository\org\apache\tika\tika-core\1.20\tika-core-1.20.jar;C:\Users\Avanish\.m2\repository\org\jooq\joor-java-8\0.9.10\joor-java-8-0.9.10.jar;"/>
    <property name="sun.cpu.endian" value="little"/>
    <property name="user.home" value="C:\Users\Avanish"/>
    <property name="user.language" value="en"/>
    <property name="java.specification.vendor" value="Oracle Corporation"/>
    <property name="java.version.date" value="2023-07-18"/>
    <property name="java.home" value="C:\Program Files\Java\jdk-17"/>
    <property name="file.separator" value="\"/>
    <property name="style.color" value="always"/>
    <property name="basedir" value="C:\Users\Avanish\OneDrive\Desktop\VCRM_Automation\CRMD365_Automation"/>
    <property name="java.vm.compressedOopsMode" value="32-bit"/>
    <property name="line.separator" value="&#10;"/>
    <property name="java.vm.specification.vendor" value="Oracle Corporation"/>
    <property name="java.specification.name" value="Java Platform API Specification"/>
    <property name="surefire.real.class.path" value="C:\Users\Avanish\AppData\Local\Temp\surefire8070887093594703352\surefirebooter12724332824596364023.jar"/>
    <property name="user.script" value=""/>
    <property name="sun.management.compiler" value="HotSpot 64-Bit Tiered Compilers"/>
    <property name="java.runtime.version" value="17.0.8+9-LTS-211"/>
    <property name="user.name" value="Avanish"/>
    <property name="path.separator" value=";"/>
    <property name="os.version" value="10.0"/>
    <property name="java.runtime.name" value="Java(TM) SE Runtime Environment"/>
    <property name="file.encoding" value="Cp1252"/>
    <property name="java.vm.name" value="Java HotSpot(TM) 64-Bit Server VM"/>
    <property name="localRepository" value="C:\Users\Avanish\.m2\repository"/>
    <property name="java.vendor.url.bug" value="https://bugreport.java.com/bugreport/"/>
    <property name="java.io.tmpdir" value="C:\Users\Avanish\AppData\Local\Temp\"/>
    <property name="java.version" value="17.0.8"/>
    <property name="user.dir" value="C:\Users\Avanish\OneDrive\Desktop\VCRM_Automation\CRMD365_Automation"/>
    <property name="os.arch" value="amd64"/>
    <property name="java.vm.specification.name" value="Java Virtual Machine Specification"/>
    <property name="sun.os.patch.level" value=""/>
    <property name="native.encoding" value="Cp1252"/>
    <property name="java.library.path" value="C:\Program Files\Java\jdk-17\bin;C:\WINDOWS\Sun\Java\bin;C:\WINDOWS\system32;C:\WINDOWS;C:\Program Files (x86)\TRICENTIS\Tosca Testsuite\ToscaCommander;;C:\Program Files\Common Files\Oracle\Java\javapath;C:\WINDOWS\system32;C:\WINDOWS;C:\WINDOWS\System32\Wbem;C:\WINDOWS\System32\WindowsPowerShell\v1.0\;C:\WINDOWS\System32\OpenSSH\;C:\apache-maven-3.9.3\bin;C:\Program Files\Git\cmd;C:\Users\Avanish\OneDrive\Desktop\BDD_Automation\Maven_BDD_Automation\allure-2.16.0\bin;C:\Program Files\MySQL\MySQL Server 8.0\bin;C:\Program Files\Microsoft SQL Server\Client SDK\ODBC\170\Tools\Binn\;C:\Program Files (x86)\Microsoft SQL Server\150\Tools\Binn\;C:\Program Files\Microsoft SQL Server\150\Tools\Binn\;C:\Program Files\Microsoft SQL Server\150\DTS\Binn\;C:\Program Files (x86)\Microsoft SQL Server\160\DTS\Binn\;C:\Program Files\Azure Data Studio\bin;C:\Program Files\dotnet\;C:\Program Files\nodejs\;C:\Program Files\MySQL\MySQL Shell 8.0\bin\;C:\Users\Avanish\AppData\Local\Microsoft\WindowsApps;C:\Program Files\Java\jdk-17\bin;C:\apache-maven-3.9.3\bin;C:\Users\Avanish\OneDrive\Desktop\BDD_Automation\Maven_BDD_Automation\allure-2.16.0\bin;C:\Program Files\Azure Data Studio\bin;C:\Users\Avanish\.dotnet\tools;C:\Users\Avanish\AppData\Local\Programs\Microsoft VS Code\bin;C:\Users\Avanish\AppData\Roaming\npm;C:\Users\Avanish\AppData\Local\GitHubDesktop\bin;C:\Users\Avanish\OneDrive\Desktop\VCRM_Automation\CRMD365_Automation\allure-2.16.0\bin;;."/>
    <property name="java.vm.info" value="mixed mode, sharing"/>
    <property name="java.vendor" value="Oracle Corporation"/>
    <property name="java.vm.version" value="17.0.8+9-LTS-211"/>
    <property name="sun.io.unicode.encoding" value="UnicodeLittle"/>
    <property name="java.class.version" value="61.0"/>
  </properties>
  <testcase name="runScenario" classname="Testrunner.TestSuiterunner" time="17.483"/>
  <testcase name="runScenario" classname="Testrunner.TestSuiterunner" time="0.079">
    <failure message="There are undefined steps" type="cucumber.runtime.CucumberException">cucumber.runtime.CucumberException: There are undefined steps
</failure>
  </testcase>
  <testcase name="runScenario" classname="Testrunner.TestSuiterunner" time="1.539">
    <failure message="session not created: This version of ChromeDriver only supports Chrome version 119&#10;Current browser version is 128.0.6613.114 with binary path C:\Program Files\Google\Chrome\Application\chrome.exe&#10;Build info: version: &apos;3.141.59&apos;, revision: &apos;e82be7d358&apos;, time: &apos;2018-11-14T08:17:03&apos;&#10;System info: host: &apos;DESKTOP-MVHKLV0&apos;, ip: &apos;192.168.0.101&apos;, os.name: &apos;Windows 11&apos;, os.arch: &apos;amd64&apos;, os.version: &apos;10.0&apos;, java.version: &apos;17.0.8&apos;&#10;Driver info: driver.version: ChromeDriver&#10;remote stacktrace: 	GetHandleVerifier [0x011E72A3+45731]&#10;	(No symbol) [0x01172D51]&#10;	(No symbol) [0x0106880D]&#10;	(No symbol) [0x01091281]&#10;	(No symbol) [0x01090A9A]&#10;	(No symbol) [0x0108D3C2]&#10;	(No symbol) [0x0108A310]&#10;	(No symbol) [0x010BEB26]&#10;	(No symbol) [0x010BE6BC]&#10;	(No symbol) [0x010B7DD6]&#10;	(No symbol) [0x010931F6]&#10;	(No symbol) [0x0109439D]&#10;	GetHandleVerifier [0x014F0716+3229462]&#10;	GetHandleVerifier [0x015384C8+3523784]&#10;	GetHandleVerifier [0x0153214C+3498316]&#10;	GetHandleVerifier [0x01271680+611968]&#10;	(No symbol) [0x0117CCCC]&#10;	(No symbol) [0x01178DF8]&#10;	(No symbol) [0x01178F1D]&#10;	(No symbol) [0x0116B2C7]&#10;	BaseThreadInitThunk [0x766B7BA9+25]&#10;	RtlInitializeExceptionChain [0x7753C10B+107]&#10;	RtlClearBits [0x7753C08F+191]&#10;" type="org.openqa.selenium.SessionNotCreatedException">org.openqa.selenium.SessionNotCreatedException: 
session not created: This version of ChromeDriver only supports Chrome version 119
Current browser version is 128.0.6613.114 with binary path C:\Program Files\Google\Chrome\Application\chrome.exe
Build info: version: '3.141.59', revision: 'e82be7d358', time: '2018-11-14T08:17:03'
System info: host: 'DESKTOP-MVHKLV0', ip: '192.168.0.101', os.name: 'Windows 11', os.arch: 'amd64', os.version: '10.0', java.version: '17.0.8'
Driver info: driver.version: ChromeDriver
remote stacktrace: 	GetHandleVerifier [0x011E72A3+45731]
	(No symbol) [0x01172D51]
	(No symbol) [0x0106880D]
	(No symbol) [0x01091281]
	(No symbol) [0x01090A9A]
	(No symbol) [0x0108D3C2]
	(No symbol) [0x0108A310]
	(No symbol) [0x010BEB26]
	(No symbol) [0x010BE6BC]
	(No symbol) [0x010B7DD6]
	(No symbol) [0x010931F6]
	(No symbol) [0x0109439D]
	GetHandleVerifier [0x014F0716+3229462]
	GetHandleVerifier [0x015384C8+3523784]
	GetHandleVerifier [0x0153214C+3498316]
	GetHandleVerifier [0x01271680+611968]
	(No symbol) [0x0117CCCC]
	(No symbol) [0x01178DF8]
	(No symbol) [0x01178F1D]
	(No symbol) [0x0116B2C7]
	BaseThreadInitThunk [0x766B7BA9+25]
	RtlInitializeExceptionChain [0x7753C10B+107]
	RtlClearBits [0x7753C08F+191]

</failure>
    <system-err><![CDATA[Starting ChromeDriver 119.0.6045.105 (38c72552c5e15ba9b3117c0967a0fd105072d7c6-refs/branch-heads/6045@{#1103}) on port 27884
Only local connections are allowed.
Please see https://chromedriver.chromium.org/security-considerations for suggestions on keeping ChromeDriver safe.
ChromeDriver was started successfully.
]]></system-err>
  </testcase>
  <testcase name="runScenario" classname="Testrunner.TestSuiterunner" time="6.483">
    <failure message="session not created: This version of ChromeDriver only supports Chrome version 116&#10;Current browser version is 128.0.6613.114 with binary path C:\Program Files\Google\Chrome\Application\chrome.exe&#10;Build info: version: &apos;3.141.59&apos;, revision: &apos;e82be7d358&apos;, time: &apos;2018-11-14T08:17:03&apos;&#10;System info: host: &apos;DESKTOP-MVHKLV0&apos;, ip: &apos;192.168.0.101&apos;, os.name: &apos;Windows 11&apos;, os.arch: &apos;amd64&apos;, os.version: &apos;10.0&apos;, java.version: &apos;17.0.8&apos;&#10;Driver info: driver.version: ChromeDriver&#10;remote stacktrace: 	GetHandleVerifier [0x003837C3+48947]&#10;	(No symbol) [0x00318551]&#10;	(No symbol) [0x0021C92D]&#10;	(No symbol) [0x0023F180]&#10;	(No symbol) [0x0023B178]&#10;	(No symbol) [0x0023950E]&#10;	(No symbol) [0x0026B840]&#10;	(No symbol) [0x0026B3CC]&#10;	(No symbol) [0x00264E86]&#10;	(No symbol) [0x002416C7]&#10;	(No symbol) [0x0024284D]&#10;	GetHandleVerifier [0x005CFDF9+2458985]&#10;	GetHandleVerifier [0x0061744F+2751423]&#10;	GetHandleVerifier [0x00611361+2726609]&#10;	GetHandleVerifier [0x00400680+560624]&#10;	(No symbol) [0x0032238C]&#10;	(No symbol) [0x0031E268]&#10;	(No symbol) [0x0031E392]&#10;	(No symbol) [0x003110B7]&#10;	BaseThreadInitThunk [0x766B7BA9+25]&#10;	RtlInitializeExceptionChain [0x7753C10B+107]&#10;	RtlClearBits [0x7753C08F+191]&#10;" type="org.openqa.selenium.SessionNotCreatedException">org.openqa.selenium.SessionNotCreatedException: 
session not created: This version of ChromeDriver only supports Chrome version 116
Current browser version is 128.0.6613.114 with binary path C:\Program Files\Google\Chrome\Application\chrome.exe
Build info: version: '3.141.59', revision: 'e82be7d358', time: '2018-11-14T08:17:03'
System info: host: 'DESKTOP-MVHKLV0', ip: '192.168.0.101', os.name: 'Windows 11', os.arch: 'amd64', os.version: '10.0', java.version: '17.0.8'
Driver info: driver.version: ChromeDriver
remote stacktrace: 	GetHandleVerifier [0x003837C3+48947]
	(No symbol) [0x00318551]
	(No symbol) [0x0021C92D]
	(No symbol) [0x0023F180]
	(No symbol) [0x0023B178]
	(No symbol) [0x0023950E]
	(No symbol) [0x0026B840]
	(No symbol) [0x0026B3CC]
	(No symbol) [0x00264E86]
	(No symbol) [0x002416C7]
	(No symbol) [0x0024284D]
	GetHandleVerifier [0x005CFDF9+2458985]
	GetHandleVerifier [0x0061744F+2751423]
	GetHandleVerifier [0x00611361+2726609]
	GetHandleVerifier [0x00400680+560624]
	(No symbol) [0x0032238C]
	(No symbol) [0x0031E268]
	(No symbol) [0x0031E392]
	(No symbol) [0x003110B7]
	BaseThreadInitThunk [0x766B7BA9+25]
	RtlInitializeExceptionChain [0x7753C10B+107]
	RtlClearBits [0x7753C08F+191]

</failure>
    <system-err><![CDATA[Starting ChromeDriver 116.0.5845.96 (1a391816688002153ef791ffe60d9e899a71a037-refs/branch-heads/5845@{#1382}) on port 26840
Only local connections are allowed.
Please see https://chromedriver.chromium.org/security-considerations for suggestions on keeping ChromeDriver safe.
ChromeDriver was started successfully.
]]></system-err>
  </testcase>
  <testcase name="runScenario" classname="Testrunner.TestSuiterunner" time="1.531">
    <failure message="session not created: This version of ChromeDriver only supports Chrome version 114&#10;Current browser version is 128.0.6613.114 with binary path C:\Program Files\Google\Chrome\Application\chrome.exe&#10;Build info: version: &apos;3.141.59&apos;, revision: &apos;e82be7d358&apos;, time: &apos;2018-11-14T08:17:03&apos;&#10;System info: host: &apos;DESKTOP-MVHKLV0&apos;, ip: &apos;192.168.0.101&apos;, os.name: &apos;Windows 11&apos;, os.arch: &apos;amd64&apos;, os.version: &apos;10.0&apos;, java.version: &apos;17.0.8&apos;&#10;Driver info: driver.version: ChromeDriver&#10;remote stacktrace: Backtrace:&#10;	GetHandleVerifier [0x00EBA813+48355]&#10;	(No symbol) [0x00E4C4B1]&#10;	(No symbol) [0x00D55358]&#10;	(No symbol) [0x00D761AC]&#10;	(No symbol) [0x00D71EF3]&#10;	(No symbol) [0x00D70579]&#10;	(No symbol) [0x00DA0C55]&#10;	(No symbol) [0x00DA093C]&#10;	(No symbol) [0x00D9A536]&#10;	(No symbol) [0x00D782DC]&#10;	(No symbol) [0x00D793DD]&#10;	GetHandleVerifier [0x0111AABD+2539405]&#10;	GetHandleVerifier [0x0115A78F+2800735]&#10;	GetHandleVerifier [0x0115456C+2775612]&#10;	GetHandleVerifier [0x00F451E0+616112]&#10;	(No symbol) [0x00E55F8C]&#10;	(No symbol) [0x00E52328]&#10;	(No symbol) [0x00E5240B]&#10;	(No symbol) [0x00E44FF7]&#10;	BaseThreadInitThunk [0x766B7BA9+25]&#10;	RtlInitializeExceptionChain [0x7753C10B+107]&#10;	RtlClearBits [0x7753C08F+191]&#10;" type="org.openqa.selenium.SessionNotCreatedException">org.openqa.selenium.SessionNotCreatedException: 
session not created: This version of ChromeDriver only supports Chrome version 114
Current browser version is 128.0.6613.114 with binary path C:\Program Files\Google\Chrome\Application\chrome.exe
Build info: version: '3.141.59', revision: 'e82be7d358', time: '2018-11-14T08:17:03'
System info: host: 'DESKTOP-MVHKLV0', ip: '192.168.0.101', os.name: 'Windows 11', os.arch: 'amd64', os.version: '10.0', java.version: '17.0.8'
Driver info: driver.version: ChromeDriver
remote stacktrace: Backtrace:
	GetHandleVerifier [0x00EBA813+48355]
	(No symbol) [0x00E4C4B1]
	(No symbol) [0x00D55358]
	(No symbol) [0x00D761AC]
	(No symbol) [0x00D71EF3]
	(No symbol) [0x00D70579]
	(No symbol) [0x00DA0C55]
	(No symbol) [0x00DA093C]
	(No symbol) [0x00D9A536]
	(No symbol) [0x00D782DC]
	(No symbol) [0x00D793DD]
	GetHandleVerifier [0x0111AABD+2539405]
	GetHandleVerifier [0x0115A78F+2800735]
	GetHandleVerifier [0x0115456C+2775612]
	GetHandleVerifier [0x00F451E0+616112]
	(No symbol) [0x00E55F8C]
	(No symbol) [0x00E52328]
	(No symbol) [0x00E5240B]
	(No symbol) [0x00E44FF7]
	BaseThreadInitThunk [0x766B7BA9+25]
	RtlInitializeExceptionChain [0x7753C10B+107]
	RtlClearBits [0x7753C08F+191]

</failure>
    <system-err><![CDATA[Starting ChromeDriver 114.0.5735.90 (386bc09e8f4f2e025eddae123f36f6263096ae49-refs/branch-heads/5735@{#1052}) on port 6346
Only local connections are allowed.
Please see https://chromedriver.chromium.org/security-considerations for suggestions on keeping ChromeDriver safe.
ChromeDriver was started successfully.
]]></system-err>
  </testcase>
  <testcase name="runScenario" classname="Testrunner.TestSuiterunner" time="1.501">
    <failure message="session not created: This version of ChromeDriver only supports Chrome version 121&#10;Current browser version is 128.0.6613.114 with binary path C:\Program Files\Google\Chrome\Application\chrome.exe&#10;Build info: version: &apos;3.141.59&apos;, revision: &apos;e82be7d358&apos;, time: &apos;2018-11-14T08:17:03&apos;&#10;System info: host: &apos;DESKTOP-MVHKLV0&apos;, ip: &apos;192.168.0.101&apos;, os.name: &apos;Windows 11&apos;, os.arch: &apos;amd64&apos;, os.version: &apos;10.0&apos;, java.version: &apos;17.0.8&apos;&#10;Driver info: driver.version: ChromeDriver&#10;remote stacktrace: 	GetHandleVerifier [0x00007FF687305E42+3538674]&#10;	(No symbol) [0x00007FF686F24C02]&#10;	(No symbol) [0x00007FF686DD5AEB]&#10;	(No symbol) [0x00007FF686E0C512]&#10;	(No symbol) [0x00007FF686E0B872]&#10;	(No symbol) [0x00007FF686E05106]&#10;	(No symbol) [0x00007FF686E021C8]&#10;	(No symbol) [0x00007FF686E494B9]&#10;	(No symbol) [0x00007FF686E3EE53]&#10;	(No symbol) [0x00007FF686E0F514]&#10;	(No symbol) [0x00007FF686E10631]&#10;	GetHandleVerifier [0x00007FF687336CAD+3738973]&#10;	GetHandleVerifier [0x00007FF68738C506+4089270]&#10;	GetHandleVerifier [0x00007FF687384823+4057299]&#10;	GetHandleVerifier [0x00007FF687055C49+720121]&#10;	(No symbol) [0x00007FF686F3126F]&#10;	(No symbol) [0x00007FF686F2C304]&#10;	(No symbol) [0x00007FF686F2C432]&#10;	(No symbol) [0x00007FF686F1BD04]&#10;	BaseThreadInitThunk [0x00007FFC047B257D+29]&#10;	RtlUserThreadStart [0x00007FFC05C0AF28+40]&#10;" type="org.openqa.selenium.SessionNotCreatedException">org.openqa.selenium.SessionNotCreatedException: 
session not created: This version of ChromeDriver only supports Chrome version 121
Current browser version is 128.0.6613.114 with binary path C:\Program Files\Google\Chrome\Application\chrome.exe
Build info: version: '3.141.59', revision: 'e82be7d358', time: '2018-11-14T08:17:03'
System info: host: 'DESKTOP-MVHKLV0', ip: '192.168.0.101', os.name: 'Windows 11', os.arch: 'amd64', os.version: '10.0', java.version: '17.0.8'
Driver info: driver.version: ChromeDriver
remote stacktrace: 	GetHandleVerifier [0x00007FF687305E42+3538674]
	(No symbol) [0x00007FF686F24C02]
	(No symbol) [0x00007FF686DD5AEB]
	(No symbol) [0x00007FF686E0C512]
	(No symbol) [0x00007FF686E0B872]
	(No symbol) [0x00007FF686E05106]
	(No symbol) [0x00007FF686E021C8]
	(No symbol) [0x00007FF686E494B9]
	(No symbol) [0x00007FF686E3EE53]
	(No symbol) [0x00007FF686E0F514]
	(No symbol) [0x00007FF686E10631]
	GetHandleVerifier [0x00007FF687336CAD+3738973]
	GetHandleVerifier [0x00007FF68738C506+4089270]
	GetHandleVerifier [0x00007FF687384823+4057299]
	GetHandleVerifier [0x00007FF687055C49+720121]
	(No symbol) [0x00007FF686F3126F]
	(No symbol) [0x00007FF686F2C304]
	(No symbol) [0x00007FF686F2C432]
	(No symbol) [0x00007FF686F1BD04]
	BaseThreadInitThunk [0x00007FFC047B257D+29]
	RtlUserThreadStart [0x00007FFC05C0AF28+40]

</failure>
    <system-err><![CDATA[Starting ChromeDriver 121.0.6167.85 (3f98d690ad7e59242ef110144c757b2ac4eef1a2-refs/branch-heads/6167@{#1539}) on port 7900
Only local connections are allowed.
Please see https://chromedriver.chromium.org/security-considerations for suggestions on keeping ChromeDriver safe.
ChromeDriver was started successfully.
]]></system-err>
  </testcase>
  <testcase name="runScenario" classname="Testrunner.TestSuiterunner" time="0.921">
    <failure message="session not created: This version of ChromeDriver only supports Chrome version 119&#10;Current browser version is 128.0.6613.114 with binary path C:\Program Files\Google\Chrome\Application\chrome.exe&#10;Build info: version: &apos;3.141.59&apos;, revision: &apos;e82be7d358&apos;, time: &apos;2018-11-14T08:17:03&apos;&#10;System info: host: &apos;DESKTOP-MVHKLV0&apos;, ip: &apos;192.168.0.101&apos;, os.name: &apos;Windows 11&apos;, os.arch: &apos;amd64&apos;, os.version: &apos;10.0&apos;, java.version: &apos;17.0.8&apos;&#10;Driver info: driver.version: ChromeDriver&#10;remote stacktrace: 	GetHandleVerifier [0x011E72A3+45731]&#10;	(No symbol) [0x01172D51]&#10;	(No symbol) [0x0106880D]&#10;	(No symbol) [0x01091281]&#10;	(No symbol) [0x01090A9A]&#10;	(No symbol) [0x0108D3C2]&#10;	(No symbol) [0x0108A310]&#10;	(No symbol) [0x010BEB26]&#10;	(No symbol) [0x010BE6BC]&#10;	(No symbol) [0x010B7DD6]&#10;	(No symbol) [0x010931F6]&#10;	(No symbol) [0x0109439D]&#10;	GetHandleVerifier [0x014F0716+3229462]&#10;	GetHandleVerifier [0x015384C8+3523784]&#10;	GetHandleVerifier [0x0153214C+3498316]&#10;	GetHandleVerifier [0x01271680+611968]&#10;	(No symbol) [0x0117CCCC]&#10;	(No symbol) [0x01178DF8]&#10;	(No symbol) [0x01178F1D]&#10;	(No symbol) [0x0116B2C7]&#10;	BaseThreadInitThunk [0x766B7BA9+25]&#10;	RtlInitializeExceptionChain [0x7753C10B+107]&#10;	RtlClearBits [0x7753C08F+191]&#10;" type="org.openqa.selenium.SessionNotCreatedException">org.openqa.selenium.SessionNotCreatedException: 
session not created: This version of ChromeDriver only supports Chrome version 119
Current browser version is 128.0.6613.114 with binary path C:\Program Files\Google\Chrome\Application\chrome.exe
Build info: version: '3.141.59', revision: 'e82be7d358', time: '2018-11-14T08:17:03'
System info: host: 'DESKTOP-MVHKLV0', ip: '192.168.0.101', os.name: 'Windows 11', os.arch: 'amd64', os.version: '10.0', java.version: '17.0.8'
Driver info: driver.version: ChromeDriver
remote stacktrace: 	GetHandleVerifier [0x011E72A3+45731]
	(No symbol) [0x01172D51]
	(No symbol) [0x0106880D]
	(No symbol) [0x01091281]
	(No symbol) [0x01090A9A]
	(No symbol) [0x0108D3C2]
	(No symbol) [0x0108A310]
	(No symbol) [0x010BEB26]
	(No symbol) [0x010BE6BC]
	(No symbol) [0x010B7DD6]
	(No symbol) [0x010931F6]
	(No symbol) [0x0109439D]
	GetHandleVerifier [0x014F0716+3229462]
	GetHandleVerifier [0x015384C8+3523784]
	GetHandleVerifier [0x0153214C+3498316]
	GetHandleVerifier [0x01271680+611968]
	(No symbol) [0x0117CCCC]
	(No symbol) [0x01178DF8]
	(No symbol) [0x01178F1D]
	(No symbol) [0x0116B2C7]
	BaseThreadInitThunk [0x766B7BA9+25]
	RtlInitializeExceptionChain [0x7753C10B+107]
	RtlClearBits [0x7753C08F+191]

</failure>
    <system-err><![CDATA[Starting ChromeDriver 119.0.6045.105 (38c72552c5e15ba9b3117c0967a0fd105072d7c6-refs/branch-heads/6045@{#1103}) on port 40805
Only local connections are allowed.
Please see https://chromedriver.chromium.org/security-considerations for suggestions on keeping ChromeDriver safe.
ChromeDriver was started successfully.
]]></system-err>
  </testcase>
</testsuite>