-------------------------------------------------------------------------------
Test set: Testrunner.TestSuiterunner
-------------------------------------------------------------------------------
Tests run: 7, Failures: 6, Errors: 0, Skipped: 0, Time elapsed: 30.55 s <<< FAILURE! - in Testrunner.TestSuiterunner
runScenario(Testrunner.TestSuiterunner)  Time elapsed: 0.079 s  <<< FAILURE!
cucumber.runtime.CucumberException: There are undefined steps

runScenario(Testrunner.TestSuiterunner)  Time elapsed: 1.539 s  <<< FAILURE!
org.openqa.selenium.SessionNotCreatedException: 
session not created: This version of ChromeDriver only supports Chrome version 119
Current browser version is 128.0.6613.114 with binary path C:\Program Files\Google\Chrome\Application\chrome.exe
Build info: version: '3.141.59', revision: 'e82be7d358', time: '2018-11-14T08:17:03'
System info: host: 'DESKTOP-MVHKLV0', ip: '192.168.0.101', os.name: 'Windows 11', os.arch: 'amd64', os.version: '10.0', java.version: '17.0.8'
Driver info: driver.version: ChromeDriver
remote stacktrace: 	GetHandleVerifier [0x011E72A3+45731]
	(No symbol) [0x01172D51]
	(No symbol) [0x0106880D]
	(No symbol) [0x01091281]
	(No symbol) [0x01090A9A]
	(No symbol) [0x0108D3C2]
	(No symbol) [0x0108A310]
	(No symbol) [0x010BEB26]
	(No symbol) [0x010BE6BC]
	(No symbol) [0x010B7DD6]
	(No symbol) [0x010931F6]
	(No symbol) [0x0109439D]
	GetHandleVerifier [0x014F0716+3229462]
	GetHandleVerifier [0x015384C8+3523784]
	GetHandleVerifier [0x0153214C+3498316]
	GetHandleVerifier [0x01271680+611968]
	(No symbol) [0x0117CCCC]
	(No symbol) [0x01178DF8]
	(No symbol) [0x01178F1D]
	(No symbol) [0x0116B2C7]
	BaseThreadInitThunk [0x766B7BA9+25]
	RtlInitializeExceptionChain [0x7753C10B+107]
	RtlClearBits [0x7753C08F+191]


runScenario(Testrunner.TestSuiterunner)  Time elapsed: 6.483 s  <<< FAILURE!
org.openqa.selenium.SessionNotCreatedException: 
session not created: This version of ChromeDriver only supports Chrome version 116
Current browser version is 128.0.6613.114 with binary path C:\Program Files\Google\Chrome\Application\chrome.exe
Build info: version: '3.141.59', revision: 'e82be7d358', time: '2018-11-14T08:17:03'
System info: host: 'DESKTOP-MVHKLV0', ip: '192.168.0.101', os.name: 'Windows 11', os.arch: 'amd64', os.version: '10.0', java.version: '17.0.8'
Driver info: driver.version: ChromeDriver
remote stacktrace: 	GetHandleVerifier [0x003837C3+48947]
	(No symbol) [0x00318551]
	(No symbol) [0x0021C92D]
	(No symbol) [0x0023F180]
	(No symbol) [0x0023B178]
	(No symbol) [0x0023950E]
	(No symbol) [0x0026B840]
	(No symbol) [0x0026B3CC]
	(No symbol) [0x00264E86]
	(No symbol) [0x002416C7]
	(No symbol) [0x0024284D]
	GetHandleVerifier [0x005CFDF9+2458985]
	GetHandleVerifier [0x0061744F+2751423]
	GetHandleVerifier [0x00611361+2726609]
	GetHandleVerifier [0x00400680+560624]
	(No symbol) [0x0032238C]
	(No symbol) [0x0031E268]
	(No symbol) [0x0031E392]
	(No symbol) [0x003110B7]
	BaseThreadInitThunk [0x766B7BA9+25]
	RtlInitializeExceptionChain [0x7753C10B+107]
	RtlClearBits [0x7753C08F+191]


runScenario(Testrunner.TestSuiterunner)  Time elapsed: 1.531 s  <<< FAILURE!
org.openqa.selenium.SessionNotCreatedException: 
session not created: This version of ChromeDriver only supports Chrome version 114
Current browser version is 128.0.6613.114 with binary path C:\Program Files\Google\Chrome\Application\chrome.exe
Build info: version: '3.141.59', revision: 'e82be7d358', time: '2018-11-14T08:17:03'
System info: host: 'DESKTOP-MVHKLV0', ip: '192.168.0.101', os.name: 'Windows 11', os.arch: 'amd64', os.version: '10.0', java.version: '17.0.8'
Driver info: driver.version: ChromeDriver
remote stacktrace: Backtrace:
	GetHandleVerifier [0x00EBA813+48355]
	(No symbol) [0x00E4C4B1]
	(No symbol) [0x00D55358]
	(No symbol) [0x00D761AC]
	(No symbol) [0x00D71EF3]
	(No symbol) [0x00D70579]
	(No symbol) [0x00DA0C55]
	(No symbol) [0x00DA093C]
	(No symbol) [0x00D9A536]
	(No symbol) [0x00D782DC]
	(No symbol) [0x00D793DD]
	GetHandleVerifier [0x0111AABD+2539405]
	GetHandleVerifier [0x0115A78F+2800735]
	GetHandleVerifier [0x0115456C+2775612]
	GetHandleVerifier [0x00F451E0+616112]
	(No symbol) [0x00E55F8C]
	(No symbol) [0x00E52328]
	(No symbol) [0x00E5240B]
	(No symbol) [0x00E44FF7]
	BaseThreadInitThunk [0x766B7BA9+25]
	RtlInitializeExceptionChain [0x7753C10B+107]
	RtlClearBits [0x7753C08F+191]


runScenario(Testrunner.TestSuiterunner)  Time elapsed: 1.501 s  <<< FAILURE!
org.openqa.selenium.SessionNotCreatedException: 
session not created: This version of ChromeDriver only supports Chrome version 121
Current browser version is 128.0.6613.114 with binary path C:\Program Files\Google\Chrome\Application\chrome.exe
Build info: version: '3.141.59', revision: 'e82be7d358', time: '2018-11-14T08:17:03'
System info: host: 'DESKTOP-MVHKLV0', ip: '192.168.0.101', os.name: 'Windows 11', os.arch: 'amd64', os.version: '10.0', java.version: '17.0.8'
Driver info: driver.version: ChromeDriver
remote stacktrace: 	GetHandleVerifier [0x00007FF687305E42+3538674]
	(No symbol) [0x00007FF686F24C02]
	(No symbol) [0x00007FF686DD5AEB]
	(No symbol) [0x00007FF686E0C512]
	(No symbol) [0x00007FF686E0B872]
	(No symbol) [0x00007FF686E05106]
	(No symbol) [0x00007FF686E021C8]
	(No symbol) [0x00007FF686E494B9]
	(No symbol) [0x00007FF686E3EE53]
	(No symbol) [0x00007FF686E0F514]
	(No symbol) [0x00007FF686E10631]
	GetHandleVerifier [0x00007FF687336CAD+3738973]
	GetHandleVerifier [0x00007FF68738C506+4089270]
	GetHandleVerifier [0x00007FF687384823+4057299]
	GetHandleVerifier [0x00007FF687055C49+720121]
	(No symbol) [0x00007FF686F3126F]
	(No symbol) [0x00007FF686F2C304]
	(No symbol) [0x00007FF686F2C432]
	(No symbol) [0x00007FF686F1BD04]
	BaseThreadInitThunk [0x00007FFC047B257D+29]
	RtlUserThreadStart [0x00007FFC05C0AF28+40]


runScenario(Testrunner.TestSuiterunner)  Time elapsed: 0.921 s  <<< FAILURE!
org.openqa.selenium.SessionNotCreatedException: 
session not created: This version of ChromeDriver only supports Chrome version 119
Current browser version is 128.0.6613.114 with binary path C:\Program Files\Google\Chrome\Application\chrome.exe
Build info: version: '3.141.59', revision: 'e82be7d358', time: '2018-11-14T08:17:03'
System info: host: 'DESKTOP-MVHKLV0', ip: '192.168.0.101', os.name: 'Windows 11', os.arch: 'amd64', os.version: '10.0', java.version: '17.0.8'
Driver info: driver.version: ChromeDriver
remote stacktrace: 	GetHandleVerifier [0x011E72A3+45731]
	(No symbol) [0x01172D51]
	(No symbol) [0x0106880D]
	(No symbol) [0x01091281]
	(No symbol) [0x01090A9A]
	(No symbol) [0x0108D3C2]
	(No symbol) [0x0108A310]
	(No symbol) [0x010BEB26]
	(No symbol) [0x010BE6BC]
	(No symbol) [0x010B7DD6]
	(No symbol) [0x010931F6]
	(No symbol) [0x0109439D]
	GetHandleVerifier [0x014F0716+3229462]
	GetHandleVerifier [0x015384C8+3523784]
	GetHandleVerifier [0x0153214C+3498316]
	GetHandleVerifier [0x01271680+611968]
	(No symbol) [0x0117CCCC]
	(No symbol) [0x01178DF8]
	(No symbol) [0x01178F1D]
	(No symbol) [0x0116B2C7]
	BaseThreadInitThunk [0x766B7BA9+25]
	RtlInitializeExceptionChain [0x7753C10B+107]
	RtlClearBits [0x7753C08F+191]


